#
# A fatal error has been detected by the Java Runtime Environment:
#
#  SIGBUS (0x7) at pc=0x00007fd8c64afdf0, pid=9231, tid=140568991270656
#
# JRE version: OpenJDK Runtime Environment (7.0_75-b13) (build 1.7.0_75-b13)
# Java VM: OpenJDK 64-Bit Server VM (24.75-b04 mixed mode linux-amd64 compressed oops)
# Derivative: IcedTea 2.5.4
# Distribution: Ubuntu 12.04 LTS, package 7u75-2.5.4-1~precise1
# Problematic frame:
# 
[error occurred during error reporting (printing problematic frame), id 0x7]

# Failed to write core dump. Core dumps have been disabled. To enable core dumping, try "ulimit -c unlimited" before starting Java again
#
# If you would like to submit a bug report, please include
# instructions on how to reproduce the bug and visit:
#   http://icedtea.classpath.org/bugzilla
# The crash happened outside the Java Virtual Machine in native code.
# See problematic frame for where to report the bug.
#

---------------  T H R E A D  ---------------

Current thread (0x00007fd8d8183800):  JavaThread "JNativeHook Hook Thread" [_thread_in_native, id=9250, stack(0x00007fd8c4ba8000,0x00007fd8c4ca9000)]

siginfo:si_signo=SIGBUS: si_errno=0, si_code=2 (BUS_ADRERR), si_addr=0x00007fd8c64afdf0

Registers:
RAX=0x0000000000000024, RBX=0x00007fd8c4ca76f0, RCX=0x0000000000000009, RDX=0x00007fd8980020d4
RSP=0x00007fd8c4ca7668, RBP=0x00007fd898025be0, RSI=0x00007fd898025be0, RDI=0x0000000000000000
R8 =0x00007fd8980020d4, R9 =0x00007fd8c64afdf0, R10=0x00007fd898028a64, R11=0x00007fd8df66fff0
R12=0x0000000000000024, R13=0x0000000000000020, R14=0x00007fd8980020c8, R15=0x0000000000000008
RIP=0x00007fd8c64afdf0, EFLAGS=0x0000000000010202, CSGSFS=0x0000000000000033, ERR=0x0000000000000014
  TRAPNO=0x000000000000000e

Top of Stack: (sp=0x00007fd8c4ca7668)
0x00007fd8c4ca7668:   00007fd8c5b098c3 00000000000002cc
0x00007fd8c4ca7678:   00007fd898013180 00007fd8980020d4
0x00007fd8c4ca7688:   00007fd8980258b0 00007fd8c64afdf0
0x00007fd8c4ca7698:   00007fd898013180 00007fd8d8183800
0x00007fd8c4ca76a8:   00007fd898013180 00007fd8980258b0
0x00007fd8c4ca76b8:   0000000000000000 00007fd8c64afdf0
0x00007fd8c4ca76c8:   00007fd8980020c0 00007fd8d8183800
0x00007fd8c4ca76d8:   00007fd8c5b0a9bf 0000000000000000
0x00007fd8c4ca76e8:   00007fd8dfacf235 00000009000e0001
0x00007fd8c4ca76f8:   0000000002010001 0000000003f67bd3
0x00007fd8c4ca7708:   0000000000000000 00007fd8c66b7260
0x00007fd8c4ca7718:   0000000000000000 0000000000000000
0x00007fd8c4ca7728:   000000077b3e4330 00007fd8c4ca7800
0x00007fd8c4ca7738:   00007fd8c64b20a4 00007fd8dee965d8
0x00007fd8c4ca7748:   00000001c4ca7800 0000000d00000001
0x00007fd8c4ca7758:   0000000000000003 00000000ffffffff
0x00007fd8c4ca7768:   00007fd8d81839d8 00007fd8c4ca77e0
0x00007fd8c4ca7778:   00007fd8c64b242b 000000077b3e4338
0x00007fd8c4ca7788:   00007fd8d50127f8 0000000000000002
0x00007fd8c4ca7798:   0000000c00000068 00007fd8c4ca77a0
0x00007fd8c4ca77a8:   000000077b3e4330 00007fd8c4ca7800
0x00007fd8c4ca77b8:   000000077b3e47f0 0000000000000000
0x00007fd8c4ca77c8:   000000077b3e4338 0000000000000000
0x00007fd8c4ca77d8:   00007fd8c4ca7800 00007fd8c4ca7848
0x00007fd8c4ca77e8:   00007fd8d5006058 0000000000000000
0x00007fd8c4ca77f8:   00007fd8d500ecd8 00000007d73ae210
0x00007fd8c4ca7808:   00007fd8c4ca7808 000000077b3e416e
0x00007fd8c4ca7818:   00007fd8c4ca7868 000000077b3e47f0
0x00007fd8c4ca7828:   0000000000000000 000000077b3e41a8
0x00007fd8c4ca7838:   00007fd8c4ca7800 00007fd8c4ca7868
0x00007fd8c4ca7848:   00007fd8c4ca78d0 00007fd8d50004e7
0x00007fd8c4ca7858:   0000000000000000 0000000000000000 

Instructions: (pc=0x00007fd8c64afdf0)
0x00007fd8c64afdd0:   
[error occurred during error reporting (printing registers, top of stack, instructions near pc), id 0x7]

Register to memory mapping:

RAX=0x0000000000000024 is an unknown value
RBX=0x00007fd8c4ca76f0 is pointing into the stack for thread: 0x00007fd8d8183800
RCX=0x0000000000000009 is an unknown value
RDX=0x00007fd8980020d4 is an unknown value
RSP=0x00007fd8c4ca7668 is pointing into the stack for thread: 0x00007fd8d8183800
RBP=0x00007fd898025be0 is an unknown value
RSI=0x00007fd898025be0 is an unknown value
RDI=0x0000000000000000 is an unknown value
R8 =0x00007fd8980020d4 is an unknown value
R9 =
[error occurred during error reporting (printing register info), id 0x7]

Stack: [0x00007fd8c4ba8000,0x00007fd8c4ca9000],  sp=0x00007fd8c4ca7668,  free space=1021k
Native frames: (J=compiled Java code, j=interpreted, Vv=VM code, C=native code)

[error occurred during error reporting (printing native stack), id 0x7]

Java frames: (J=compiled Java code, j=interpreted, Vv=VM code)
j  org.jnativehook.GlobalScreen$NativeHookThread.enable()V+0
j  org.jnativehook.GlobalScreen$NativeHookThread.run()V+6
v  ~StubRoutines::call_stub

---------------  P R O C E S S  ---------------

Java Threads: ( => current thread )
  0x00007fd8d800a000 JavaThread "DestroyJavaVM" [_thread_blocked, id=9236, stack(0x00007fd8dfbbd000,0x00007fd8dfcbe000)]
  0x00007fd898027800 JavaThread "JNativeHook Dispatch Thread" daemon [_thread_blocked, id=9251, stack(0x00007fd8c4aa7000,0x00007fd8c4ba8000)]
=>0x00007fd8d8183800 JavaThread "JNativeHook Hook Thread" [_thread_in_native, id=9250, stack(0x00007fd8c4ba8000,0x00007fd8c4ca9000)]
  0x00007fd8d80ae800 JavaThread "Service Thread" daemon [_thread_blocked, id=9247, stack(0x00007fd8c67b9000,0x00007fd8c68ba000)]
  0x00007fd8d80ac000 JavaThread "C2 CompilerThread1" daemon [_thread_blocked, id=9246, stack(0x00007fd8c68ba000,0x00007fd8c69bb000)]
  0x00007fd8d80a9000 JavaThread "C2 CompilerThread0" daemon [_thread_blocked, id=9245, stack(0x00007fd8c69bb000,0x00007fd8c6abc000)]
  0x00007fd8d80a7000 JavaThread "Signal Dispatcher" daemon [_thread_blocked, id=9244, stack(0x00007fd8c6abc000,0x00007fd8c6bbd000)]
  0x00007fd8d807c000 JavaThread "Finalizer" daemon [_thread_blocked, id=9243, stack(0x00007fd8c726f000,0x00007fd8c7370000)]
  0x00007fd8d807a000 JavaThread "Reference Handler" daemon [_thread_blocked, id=9242, stack(0x00007fd8c7370000,0x00007fd8c7471000)]

Other Threads:
  0x00007fd8d8075800 VMThread [stack: 0x00007fd8c7471000,0x00007fd8c7572000] [id=9241]
  0x00007fd8d80b9000 WatcherThread [stack: 0x00007fd8c66b8000,0x00007fd8c67b9000] [id=9248]

VM state:not at safepoint (normal execution)

VM Mutex/Monitor currently owned by a thread: None

Heap
 PSYoungGen      total 36864K, used 3809K [0x00000007d7200000, 0x00000007d9b00000, 0x0000000800000000)
  eden space 31744K, 12% used [0x00000007d7200000,0x00000007d75b86f8,0x00000007d9100000)
  from space 5120K, 0% used [0x00000007d9600000,0x00000007d9600000,0x00000007d9b00000)
  to   space 5120K, 0% used [0x00000007d9100000,0x00000007d9100000,0x00000007d9600000)
 ParOldGen       total 83456K, used 0K [0x0000000785600000, 0x000000078a780000, 0x00000007d7200000)
  object space 83456K, 0% used [0x0000000785600000,0x0000000785600000,0x000000078a780000)
 PSPermGen       total 21504K, used 4009K [0x000000077b000000, 0x000000077c500000, 0x0000000785600000)
  object space 21504K, 18% used [0x000000077b000000,0x000000077b3ea4d0,0x000000077c500000)

Card table byte_map: [0x00007fd8dc413000,0x00007fd8dc83c000] byte_map_base: 0x00007fd8d883b000

Polling page: 0x00007fd8dfcd9000

Code Cache  [0x00007fd8d5000000, 0x00007fd8d5270000, 0x00007fd8d8000000)
 total_blobs=209 nmethods=12 adapters=152 free_code_cache=48744Kb largest_free_block=49902016

Compilation events (10 events):
Event: 0,150 Thread 0x00007fd8d80ac000    5             sun.security.provider.SHA::implCompress (491 bytes)
Event: 0,159 Thread 0x00007fd8d80a9000    7             java.lang.Integer::reverseBytes (26 bytes)
Event: 0,159 Thread 0x00007fd8d80a9000 nmethod 7 0x00007fd8d50611d0 code [0x00007fd8d5061300, 0x00007fd8d5061378]
Event: 0,166 Thread 0x00007fd8d80ac000 nmethod 5 0x00007fd8d5061950 code [0x00007fd8d5061ac0, 0x00007fd8d50624a8]
Event: 4,354 Thread 0x00007fd8d80a9000    8             java.lang.String::equals (81 bytes)
Event: 4,363 Thread 0x00007fd8d80a9000 nmethod 8 0x00007fd8d5065410 code [0x00007fd8d5065560, 0x00007fd8d50657d8]
Event: 32,600 Thread 0x00007fd8d80ac000   10             java.util.concurrent.locks.AbstractOwnableSynchronizer::setExclusiveOwnerThread (6 bytes)
Event: 32,601 Thread 0x00007fd8d80ac000 nmethod 10 0x00007fd8d5065950 code [0x00007fd8d5065a80, 0x00007fd8d5065af8]
Event: 33,116 Thread 0x00007fd8d80a9000   12             java.util.concurrent.atomic.AtomicInteger::get (5 bytes)
Event: 33,117 Thread 0x00007fd8d80a9000 nmethod 12 0x00007fd8d5068c50 code [0x00007fd8d5068d80, 0x00007fd8d5068dd8]

GC Heap History (0 events):
No events

Deoptimization events (0 events):
No events

Internal exceptions (10 events):
Event: 0,119 Thread 0x00007fd8d800a000 Threw 0x00000007d7345e98 at /build/buildd/openjdk-7-7u75-2.5.4/build/openjdk/hotspot/src/share/vm/prims/jvm.cpp:1284
Event: 0,174 Thread 0x00007fd8d800a000 Threw 0x00000007d7393b68 at /build/buildd/openjdk-7-7u75-2.5.4/build/openjdk/hotspot/src/share/vm/prims/jvm.cpp:1284
Event: 0,175 Thread 0x00007fd8d800a000 Threw 0x00000007d7397808 at /build/buildd/openjdk-7-7u75-2.5.4/build/openjdk/hotspot/src/share/vm/prims/jvm.cpp:1284
Event: 0,176 Thread 0x00007fd8d800a000 Threw 0x00000007d73a3fe0 at /build/buildd/openjdk-7-7u75-2.5.4/build/openjdk/hotspot/src/share/vm/prims/jvm.cpp:1284
Event: 0,177 Thread 0x00007fd8d800a000 Threw 0x00000007d73a79c8 at /build/buildd/openjdk-7-7u75-2.5.4/build/openjdk/hotspot/src/share/vm/prims/jvm.cpp:1284
Event: 0,178 Thread 0x00007fd8d800a000 Threw 0x00000007d73ac478 at /build/buildd/openjdk-7-7u75-2.5.4/build/openjdk/hotspot/src/share/vm/prims/jvm.cpp:1284
Event: 0,199 Thread 0x00007fd8d8183800 Threw 0x00000007d73ddb38 at /build/buildd/openjdk-7-7u75-2.5.4/build/openjdk/hotspot/src/share/vm/prims/jvm.cpp:1284
Event: 0,205 Thread 0x00007fd898027800 Threw 0x00000007d747bf00 at /build/buildd/openjdk-7-7u75-2.5.4/build/openjdk/hotspot/src/share/vm/prims/jvm.cpp:1284
Event: 4,024 Thread 0x00007fd898027800 Threw 0x00000007d7480da0 at /build/buildd/openjdk-7-7u75-2.5.4/build/openjdk/hotspot/src/share/vm/prims/jvm.cpp:1284
Event: 18,060 Thread 0x00007fd898027800 Threw 0x00000007d7489be0 at /build/buildd/openjdk-7-7u75-2.5.4/build/openjdk/hotspot/src/share/vm/prims/jvm.cpp:1284

Events (10 events):
Event: 0,206 loading class 0x00007fd8d4868620
Event: 0,206 loading class 0x00007fd8d4868620 done
Event: 4,024 loading class 0x00007fd8d80f7aa0
Event: 4,024 loading class 0x00007fd8d80f7aa0 done
Event: 4,077 Executing VM operation: EnableBiasedLocking
Event: 4,077 Executing VM operation: EnableBiasedLocking done
Event: 18,060 loading class 0x00007fd8d80f7b30
Event: 18,060 loading class 0x00007fd8d80f7b30 done
Event: 22,686 Thread 0x00007fd8d800a000 Thread exited: 0x00007fd8d800a000
Event: 22,686 Thread 0x00007fd8d800a000 Thread added: 0x00007fd8d800a000


Dynamic libraries:
00400000-00401000 r-xp 00000000 08:06 5511279                            /usr/lib/jvm/java-7-openjdk-amd64/jre/bin/java
00600000-00601000 r--p 00000000 08:06 5511279                            /usr/lib/jvm/java-7-openjdk-amd64/jre/bin/java
00601000-00602000 rw-p 00001000 08:06 5511279                            /usr/lib/jvm/java-7-openjdk-amd64/jre/bin/java
010b4000-010d5000 rw-p 00000000 00:00 0                                  [heap]
77b000000-77c500000 rw-p 00000000 00:00 0 
77c500000-785600000 rw-p 00000000 00:00 0 
785600000-78a780000 rw-p 00000000 00:00 0 
78a780000-7d7200000 rw-p 00000000 00:00 0 
7d7200000-7d9b00000 rw-p 00000000 00:00 0 
7d9b00000-800000000 rw-p 00000000 00:00 0 
7fd88c000000-7fd88c021000 rw-p 00000000 00:00 0 
7fd88c021000-7fd890000000 ---p 00000000 00:00 0 
7fd894000000-7fd894021000 rw-p 00000000 00:00 0 
7fd894021000-7fd898000000 ---p 00000000 00:00 0 
7fd898000000-7fd89802f000 rw-p 00000000 00:00 0 
7fd89802f000-7fd89c000000 ---p 00000000 00:00 0 
7fd89c000000-7fd89c192000 rw-p 00000000 00:00 0 
7fd89c192000-7fd8a0000000 ---p 00000000 00:00 0 
7fd8a0000000-7fd8a0021000 rw-p 00000000 00:00 0 
7fd8a0021000-7fd8a4000000 ---p 00000000 00:00 0 
7fd8a4000000-7fd8a4021000 rw-p 00000000 00:00 0 
7fd8a4021000-7fd8a8000000 ---p 00000000 00:00 0 
7fd8a8000000-7fd8a8111000 rw-p 00000000 00:00 0 
7fd8a8111000-7fd8ac000000 ---p 00000000 00:00 0 
7fd8ac000000-7fd8ac021000 rw-p 00000000 00:00 0 
7fd8ac021000-7fd8b0000000 ---p 00000000 00:00 0 
7fd8b0000000-7fd8b0021000 rw-p 00000000 00:00 0 
7fd8b0021000-7fd8b4000000 ---p 00000000 00:00 0 
7fd8b4000000-7fd8b4021000 rw-p 00000000 00:00 0 
7fd8b4021000-7fd8b8000000 ---p 00000000 00:00 0 
7fd8bbd80000-7fd8c0000000 rw-p 00000000 00:00 0 
7fd8c0000000-7fd8c0021000 rw-p 00000000 00:00 0 
7fd8c0021000-7fd8c4000000 ---p 00000000 00:00 0 
7fd8c4aa7000-7fd8c4aaa000 ---p 00000000 00:00 0 
7fd8c4aaa000-7fd8c4ba8000 rw-p 00000000 00:00 0 
7fd8c4ba8000-7fd8c4bab000 ---p 00000000 00:00 0 
7fd8c4bab000-7fd8c4ca9000 rw-p 00000000 00:00 0 
7fd8c4ca9000-7fd8c4cae000 r-xp 00000000 08:06 5119181                    /usr/lib/x86_64-linux-gnu/libXdmcp.so.6.0.0
7fd8c4cae000-7fd8c4ead000 ---p 00005000 08:06 5119181                    /usr/lib/x86_64-linux-gnu/libXdmcp.so.6.0.0
7fd8c4ead000-7fd8c4eae000 r--p 00004000 08:06 5119181                    /usr/lib/x86_64-linux-gnu/libXdmcp.so.6.0.0
7fd8c4eae000-7fd8c4eaf000 rw-p 00005000 08:06 5119181                    /usr/lib/x86_64-linux-gnu/libXdmcp.so.6.0.0
7fd8c4eaf000-7fd8c4eb1000 r-xp 00000000 08:06 5119170                    /usr/lib/x86_64-linux-gnu/libXau.so.6.0.0
7fd8c4eb1000-7fd8c50b0000 ---p 00002000 08:06 5119170                    /usr/lib/x86_64-linux-gnu/libXau.so.6.0.0
7fd8c50b0000-7fd8c50b1000 r--p 00001000 08:06 5119170                    /usr/lib/x86_64-linux-gnu/libXau.so.6.0.0
7fd8c50b1000-7fd8c50b2000 rw-p 00002000 08:06 5119170                    /usr/lib/x86_64-linux-gnu/libXau.so.6.0.0
7fd8c50b2000-7fd8c50b6000 r-xp 00000000 08:06 3802010                    /lib/x86_64-linux-gnu/libuuid.so.1.3.0
7fd8c50b6000-7fd8c52b5000 ---p 00004000 08:06 3802010                    /lib/x86_64-linux-gnu/libuuid.so.1.3.0
7fd8c52b5000-7fd8c52b6000 r--p 00003000 08:06 3802010                    /lib/x86_64-linux-gnu/libuuid.so.1.3.0
7fd8c52b6000-7fd8c52b7000 rw-p 00004000 08:06 3802010                    /lib/x86_64-linux-gnu/libuuid.so.1.3.0
7fd8c52b7000-7fd8c52d4000 r-xp 00000000 08:06 5119793                    /usr/lib/x86_64-linux-gnu/libxcb.so.1.1.0
7fd8c52d4000-7fd8c54d3000 ---p 0001d000 08:06 5119793                    /usr/lib/x86_64-linux-gnu/libxcb.so.1.1.0
7fd8c54d3000-7fd8c54d4000 r--p 0001c000 08:06 5119793                    /usr/lib/x86_64-linux-gnu/libxcb.so.1.1.0
7fd8c54d4000-7fd8c54d5000 rw-p 0001d000 08:06 5119793                    /usr/lib/x86_64-linux-gnu/libxcb.so.1.1.0
7fd8c54d5000-7fd8c54eb000 r-xp 00000000 08:06 5119159                    /usr/lib/x86_64-linux-gnu/libICE.so.6.3.0
7fd8c54eb000-7fd8c56ea000 ---p 00016000 08:06 5119159                    /usr/lib/x86_64-linux-gnu/libICE.so.6.3.0
7fd8c56ea000-7fd8c56eb000 r--p 00015000 08:06 5119159                    /usr/lib/x86_64-linux-gnu/libICE.so.6.3.0
7fd8c56eb000-7fd8c56ec000 rw-p 00016000 08:06 5119159                    /usr/lib/x86_64-linux-gnu/libICE.so.6.3.0
7fd8c56ec000-7fd8c56ef000 rw-p 00000000 00:00 0 
7fd8c56ef000-7fd8c56f6000 r-xp 00000000 08:06 5119164                    /usr/lib/x86_64-linux-gnu/libSM.so.6.0.1
7fd8c56f6000-7fd8c58f5000 ---p 00007000 08:06 5119164                    /usr/lib/x86_64-linux-gnu/libSM.so.6.0.1
7fd8c58f5000-7fd8c58f6000 r--p 00006000 08:06 5119164                    /usr/lib/x86_64-linux-gnu/libSM.so.6.0.1
7fd8c58f6000-7fd8c58f7000 rw-p 00007000 08:06 5119164                    /usr/lib/x86_64-linux-gnu/libSM.so.6.0.1
7fd8c58f7000-7fd8c5907000 r-xp 00000000 08:06 5119183                    /usr/lib/x86_64-linux-gnu/libXext.so.6.4.0
7fd8c5907000-7fd8c5b06000 ---p 00010000 08:06 5119183                    /usr/lib/x86_64-linux-gnu/libXext.so.6.4.0
7fd8c5b06000-7fd8c5b07000 r--p 0000f000 08:06 5119183                    /usr/lib/x86_64-linux-gnu/libXext.so.6.4.0
7fd8c5b07000-7fd8c5b08000 rw-p 00010000 08:06 5119183                    /usr/lib/x86_64-linux-gnu/libXext.so.6.4.0
7fd8c5b08000-7fd8c5b0d000 r-xp 00000000 08:06 5119209                    /usr/lib/x86_64-linux-gnu/libXtst.so.6.1.0
7fd8c5b0d000-7fd8c5d0c000 ---p 00005000 08:06 5119209                    /usr/lib/x86_64-linux-gnu/libXtst.so.6.1.0
7fd8c5d0c000-7fd8c5d0d000 r--p 00004000 08:06 5119209                    /usr/lib/x86_64-linux-gnu/libXtst.so.6.1.0
7fd8c5d0d000-7fd8c5d0e000 rw-p 00005000 08:06 5119209                    /usr/lib/x86_64-linux-gnu/libXtst.so.6.1.0
7fd8c5d0e000-7fd8c5e3e000 r-xp 00000000 08:06 5114055                    /usr/lib/x86_64-linux-gnu/libX11.so.6.3.0
7fd8c5e3e000-7fd8c603e000 ---p 00130000 08:06 5114055                    /usr/lib/x86_64-linux-gnu/libX11.so.6.3.0
7fd8c603e000-7fd8c603f000 r--p 00130000 08:06 5114055                    /usr/lib/x86_64-linux-gnu/libX11.so.6.3.0
7fd8c603f000-7fd8c6043000 rw-p 00131000 08:06 5114055                    /usr/lib/x86_64-linux-gnu/libX11.so.6.3.0
7fd8c6043000-7fd8c60a2000 r-xp 00000000 08:06 5119207                    /usr/lib/x86_64-linux-gnu/libXt.so.6.0.0
7fd8c60a2000-7fd8c62a2000 ---p 0005f000 08:06 5119207                    /usr/lib/x86_64-linux-gnu/libXt.so.6.0.0
7fd8c62a2000-7fd8c62a3000 r--p 0005f000 08:06 5119207                    /usr/lib/x86_64-linux-gnu/libXt.so.6.0.0
7fd8c62a3000-7fd8c62a8000 rw-p 00060000 08:06 5119207                    /usr/lib/x86_64-linux-gnu/libXt.so.6.0.0
7fd8c62a8000-7fd8c62a9000 rw-p 00000000 00:00 0 
7fd8c62a9000-7fd8c62ab000 r-xp 00000000 08:06 5119191                    /usr/lib/x86_64-linux-gnu/libXinerama.so.1.0.0
7fd8c62ab000-7fd8c64aa000 ---p 00002000 08:06 5119191                    /usr/lib/x86_64-linux-gnu/libXinerama.so.1.0.0
7fd8c64aa000-7fd8c64ab000 r--p 00001000 08:06 5119191                    /usr/lib/x86_64-linux-gnu/libXinerama.so.1.0.0
7fd8c64ab000-7fd8c64ac000 rw-p 00002000 08:06 5119191                    /usr/lib/x86_64-linux-gnu/libXinerama.so.1.0.0
7fd8c64ac000-7fd8c64b7000 r-xp 00000000 08:06 2504087                    /tmp/libJNativeHook-2.0.1.so
7fd8c64b7000-7fd8c66b6000 ---p 0000b000 08:06 2504087                    /tmp/libJNativeHook-2.0.1.so
7fd8c66b6000-7fd8c66b7000 r--p 0000a000 08:06 2504087                    /tmp/libJNativeHook-2.0.1.so
7fd8c66b7000-7fd8c66b8000 rw-p 0000b000 08:06 2504087                    /tmp/libJNativeHook-2.0.1.so
7fd8c66b8000-7fd8c66b9000 ---p 00000000 00:00 0 
7fd8c66b9000-7fd8c67b9000 rw-p 00000000 00:00 0 
7fd8c67b9000-7fd8c67bc000 ---p 00000000 00:00 0 
7fd8c67bc000-7fd8c68ba000 rw-p 00000000 00:00 0 
7fd8c68ba000-7fd8c68bd000 ---p 00000000 00:00 0 
7fd8c68bd000-7fd8c69bb000 rw-p 00000000 00:00 0 
7fd8c69bb000-7fd8c69be000 ---p 00000000 00:00 0 
7fd8c69be000-7fd8c6abc000 rw-p 00000000 00:00 0 
7fd8c6abc000-7fd8c6abf000 ---p 00000000 00:00 0 
7fd8c6abf000-7fd8c6bbd000 rw-p 00000000 00:00 0 
7fd8c6bbd000-7fd8c726f000 r--p 00000000 08:06 5115940                    /usr/lib/locale/locale-archive
7fd8c726f000-7fd8c7272000 ---p 00000000 00:00 0 
7fd8c7272000-7fd8c7370000 rw-p 00000000 00:00 0 
7fd8c7370000-7fd8c7373000 ---p 00000000 00:00 0 
7fd8c7373000-7fd8c7471000 rw-p 00000000 00:00 0 
7fd8c7471000-7fd8c7472000 ---p 00000000 00:00 0 
7fd8c7472000-7fd8c8000000 rw-p 00000000 00:00 0 
7fd8c8000000-7fd8c8021000 rw-p 00000000 00:00 0 
7fd8c8021000-7fd8cc000000 ---p 00000000 00:00 0 
7fd8cc000000-7fd8cc021000 rw-p 00000000 00:00 0 
7fd8cc021000-7fd8d0000000 ---p 00000000 00:00 0 
7fd8d0000000-7fd8d0021000 rw-p 00000000 00:00 0 
7fd8d0021000-7fd8d4000000 ---p 00000000 00:00 0 
7fd8d40d1000-7fd8d40d8000 r--s 00000000 08:06 5248416                    /usr/lib/x86_64-linux-gnu/gconv/gconv-modules.cache
7fd8d40d8000-7fd8d40dc000 r--s 0004d000 08:06 5511233                    /usr/lib/jvm/java-7-openjdk-amd64/jre/lib/jsse.jar
7fd8d40dc000-7fd8d462a000 rw-p 00000000 00:00 0 
7fd8d462a000-7fd8d47dc000 r--s 01d23000 08:06 5511264                    /usr/lib/jvm/java-7-openjdk-amd64/jre/lib/rt.jar
7fd8d47dc000-7fd8d4cfd000 rw-p 00000000 00:00 0 
7fd8d4cfd000-7fd8d4cfe000 ---p 00000000 00:00 0 
7fd8d4cfe000-7fd8d4dfe000 rw-p 00000000 00:00 0 
7fd8d4dfe000-7fd8d4dff000 ---p 00000000 00:00 0 
7fd8d4dff000-7fd8d4eff000 rw-p 00000000 00:00 0 
7fd8d4eff000-7fd8d4f00000 ---p 00000000 00:00 0 
7fd8d4f00000-7fd8d5000000 rw-p 00000000 00:00 0 
7fd8d5000000-7fd8d5270000 rwxp 00000000 00:00 0 
7fd8d5270000-7fd8d819e000 rw-p 00000000 00:00 0 
7fd8d819e000-7fd8dc000000 ---p 00000000 00:00 0 
7fd8dc000000-7fd8dc002000 r--s 00012000 08:06 5511241                    /usr/lib/jvm/java-7-openjdk-amd64/jre/lib/ext/zipfs.jar
7fd8dc002000-7fd8dc003000 r--s 00002000 08:06 5511243                    /usr/lib/jvm/java-7-openjdk-amd64/jre/lib/ext/dnsns.jar
7fd8dc003000-7fd8dc007000 r--s 0003c000 08:06 5511245                    /usr/lib/jvm/java-7-openjdk-amd64/jre/lib/ext/sunpkcs11.jar
7fd8dc007000-7fd8dc031000 rw-p 00000000 00:00 0 
7fd8dc031000-7fd8dc032000 ---p 00000000 00:00 0 
7fd8dc032000-7fd8dc13d000 rw-p 00000000 00:00 0 
7fd8dc13d000-7fd8dc185000 rw-p 00000000 00:00 0 
7fd8dc185000-7fd8dc1ae000 rw-p 00000000 00:00 0 
7fd8dc1ae000-7fd8dc413000 rw-p 00000000 00:00 0 
7fd8dc413000-7fd8dc41e000 rw-p 00000000 00:00 0 
7fd8dc41e000-7fd8dc466000 rw-p 00000000 00:00 0 
7fd8dc466000-7fd8dc48f000 rw-p 00000000 00:00 0 
7fd8dc48f000-7fd8dc6f4000 rw-p 00000000 00:00 0 
7fd8dc6f4000-7fd8dc709000 rw-p 00000000 00:00 0 
7fd8dc709000-7fd8dc83b000 rw-p 00000000 00:00 0 
7fd8dc83b000-7fd8dc83c000 rw-p 00000000 00:00 0 
7fd8dc83c000-7fd8dc844000 r-xp 00000000 08:06 5511196                    /usr/lib/jvm/java-7-openjdk-amd64/jre/lib/amd64/libzip.so
7fd8dc844000-7fd8dca43000 ---p 00008000 08:06 5511196                    /usr/lib/jvm/java-7-openjdk-amd64/jre/lib/amd64/libzip.so
7fd8dca43000-7fd8dca44000 r--p 00007000 08:06 5511196                    /usr/lib/jvm/java-7-openjdk-amd64/jre/lib/amd64/libzip.so
7fd8dca44000-7fd8dca45000 rw-p 00008000 08:06 5511196                    /usr/lib/jvm/java-7-openjdk-amd64/jre/lib/amd64/libzip.so
7fd8dca45000-7fd8dca51000 r-xp 00000000 08:06 3801215                    /lib/x86_64-linux-gnu/libnss_files-2.15.so
7fd8dca51000-7fd8dcc50000 ---p 0000c000 08:06 3801215                    /lib/x86_64-linux-gnu/libnss_files-2.15.so
7fd8dcc50000-7fd8dcc51000 r--p 0000b000 08:06 3801215                    /lib/x86_64-linux-gnu/libnss_files-2.15.so
7fd8dcc51000-7fd8dcc52000 rw-p 0000c000 08:06 3801215                    /lib/x86_64-linux-gnu/libnss_files-2.15.so
7fd8dcc52000-7fd8dcc5c000 r-xp 00000000 08:06 3801211                    /lib/x86_64-linux-gnu/libnss_nis-2.15.so
7fd8dcc5c000-7fd8dce5c000 ---p 0000a000 08:06 3801211                    /lib/x86_64-linux-gnu/libnss_nis-2.15.so
7fd8dce5c000-7fd8dce5d000 r--p 0000a000 08:06 3801211                    /lib/x86_64-linux-gnu/libnss_nis-2.15.so
7fd8dce5d000-7fd8dce5e000 rw-p 0000b000 08:06 3801211                    /lib/x86_64-linux-gnu/libnss_nis-2.15.so
7fd8dce5e000-7fd8dce75000 r-xp 00000000 08:06 3801214                    /lib/x86_64-linux-gnu/libnsl-2.15.so
7fd8dce75000-7fd8dd074000 ---p 00017000 08:06 3801214                    /lib/x86_64-linux-gnu/libnsl-2.15.so
7fd8dd074000-7fd8dd075000 r--p 00016000 08:06 3801214                    /lib/x86_64-linux-gnu/libnsl-2.15.so
7fd8dd075000-7fd8dd076000 rw-p 00017000 08:06 3801214                    /lib/x86_64-linux-gnu/libnsl-2.15.so
7fd8dd076000-7fd8dd078000 rw-p 00000000 00:00 0 
7fd8dd078000-7fd8dd080000 r-xp 00000000 08:06 3801217                    /lib/x86_64-linux-gnu/libnss_compat-2.15.so
7fd8dd080000-7fd8dd27f000 ---p 00008000 08:06 3801217                    /lib/x86_64-linux-gnu/libnss_compat-2.15.so
7fd8dd27f000-7fd8dd280000 r--p 00007000 08:06 3801217                    /lib/x86_64-linux-gnu/libnss_compat-2.15.so
7fd8dd280000-7fd8dd281000 rw-p 00008000 08:06 3801217                    /lib/x86_64-linux-gnu/libnss_compat-2.15.so
7fd8dd281000-7fd8dd2aa000 r-xp 00000000 08:06 5511193                    /usr/lib/jvm/java-7-openjdk-amd64/jre/lib/amd64/libjava.so
7fd8dd2aa000-7fd8dd4a9000 ---p 00029000 08:06 5511193                    /usr/lib/jvm/java-7-openjdk-amd64/jre/lib/amd64/libjava.so
7fd8dd4a9000-7fd8dd4aa000 r--p 00028000 08:06 5511193                    /usr/lib/jvm/java-7-openjdk-amd64/jre/lib/amd64/libjava.so
7fd8dd4aa000-7fd8dd4ac000 rw-p 00029000 08:06 5511193                    /usr/lib/jvm/java-7-openjdk-amd64/jre/lib/amd64/libjava.so
7fd8dd4ac000-7fd8dd4ba000 r-xp 00000000 08:06 5511208                    /usr/lib/jvm/java-7-openjdk-amd64/jre/lib/amd64/libverify.so
7fd8dd4ba000-7fd8dd6b9000 ---p 0000e000 08:06 5511208                    /usr/lib/jvm/java-7-openjdk-amd64/jre/lib/amd64/libverify.so
7fd8dd6b9000-7fd8dd6bb000 r--p 0000d000 08:06 5511208                    /usr/lib/jvm/java-7-openjdk-amd64/jre/lib/amd64/libverify.so
7fd8dd6bb000-7fd8dd6bc000 rw-p 0000f000 08:06 5511208                    /usr/lib/jvm/java-7-openjdk-amd64/jre/lib/amd64/libverify.so
7fd8dd6bc000-7fd8dd6c3000 r-xp 00000000 08:06 3801110                    /lib/x86_64-linux-gnu/librt-2.15.so
7fd8dd6c3000-7fd8dd8c2000 ---p 00007000 08:06 3801110                    /lib/x86_64-linux-gnu/librt-2.15.so
7fd8dd8c2000-7fd8dd8c3000 r--p 00006000 08:06 3801110                    /lib/x86_64-linux-gnu/librt-2.15.so
7fd8dd8c3000-7fd8dd8c4000 rw-p 00007000 08:06 3801110                    /lib/x86_64-linux-gnu/librt-2.15.so
7fd8dd8c4000-7fd8dd8d9000 r-xp 00000000 08:06 3804808                    /lib/x86_64-linux-gnu/libgcc_s.so.1
7fd8dd8d9000-7fd8ddad8000 ---p 00015000 08:06 3804808                    /lib/x86_64-linux-gnu/libgcc_s.so.1
7fd8ddad8000-7fd8ddad9000 r--p 00014000 08:06 3804808                    /lib/x86_64-linux-gnu/libgcc_s.so.1
7fd8ddad9000-7fd8ddada000 rw-p 00015000 08:06 3804808                    /lib/x86_64-linux-gnu/libgcc_s.so.1
7fd8ddada000-7fd8ddbd5000 r-xp 00000000 08:06 3801222                    /lib/x86_64-linux-gnu/libm-2.15.so
7fd8ddbd5000-7fd8dddd4000 ---p 000fb000 08:06 3801222                    /lib/x86_64-linux-gnu/libm-2.15.so
7fd8dddd4000-7fd8dddd5000 r--p 000fa000 08:06 3801222                    /lib/x86_64-linux-gnu/libm-2.15.so
7fd8dddd5000-7fd8dddd6000 rw-p 000fb000 08:06 3801222                    /lib/x86_64-linux-gnu/libm-2.15.so
7fd8dddd6000-7fd8ddeb8000 r-xp 00000000 08:06 5119725                    /usr/lib/x86_64-linux-gnu/libstdc++.so.6.0.16
7fd8ddeb8000-7fd8de0b7000 ---p 000e2000 08:06 5119725                    /usr/lib/x86_64-linux-gnu/libstdc++.so.6.0.16
7fd8de0b7000-7fd8de0bf000 r--p 000e1000 08:06 5119725                    /usr/lib/x86_64-linux-gnu/libstdc++.so.6.0.16
7fd8de0bf000-7fd8de0c1000 rw-p 000e9000 08:06 5119725                    /usr/lib/x86_64-linux-gnu/libstdc++.so.6.0.16
7fd8de0c1000-7fd8de0d6000 rw-p 00000000 00:00 0 
7fd8de0d6000-7fd8debc5000 r-xp 00000000 08:06 5511222                    /usr/lib/jvm/java-7-openjdk-amd64/jre/lib/amd64/server/libjvm.so
7fd8debc5000-7fd8dedc4000 ---p 00aef000 08:06 5511222                    /usr/lib/jvm/java-7-openjdk-amd64/jre/lib/amd64/server/libjvm.so
7fd8dedc4000-7fd8dee65000 r--p 00aee000 08:06 5511222                    /usr/lib/jvm/java-7-openjdk-amd64/jre/lib/amd64/server/libjvm.so
7fd8dee65000-7fd8dee88000 rw-p 00b8f000 08:06 5511222                    /usr/lib/jvm/java-7-openjdk-amd64/jre/lib/amd64/server/libjvm.so
7fd8dee88000-7fd8deeb5000 rw-p 00000000 00:00 0 
7fd8deeb5000-7fd8deecb000 r-xp 00000000 08:06 3804898                    /lib/x86_64-linux-gnu/libz.so.1.2.3.4
7fd8deecb000-7fd8df0ca000 ---p 00016000 08:06 3804898                    /lib/x86_64-linux-gnu/libz.so.1.2.3.4
7fd8df0ca000-7fd8df0cb000 r--p 00015000 08:06 3804898                    /lib/x86_64-linux-gnu/libz.so.1.2.3.4
7fd8df0cb000-7fd8df0cc000 rw-p 00016000 08:06 3804898                    /lib/x86_64-linux-gnu/libz.so.1.2.3.4
7fd8df0cc000-7fd8df0e4000 r-xp 00000000 08:06 3801213                    /lib/x86_64-linux-gnu/libpthread-2.15.so
7fd8df0e4000-7fd8df2e3000 ---p 00018000 08:06 3801213                    /lib/x86_64-linux-gnu/libpthread-2.15.so
7fd8df2e3000-7fd8df2e4000 r--p 00017000 08:06 3801213                    /lib/x86_64-linux-gnu/libpthread-2.15.so
7fd8df2e4000-7fd8df2e5000 rw-p 00018000 08:06 3801213                    /lib/x86_64-linux-gnu/libpthread-2.15.so
7fd8df2e5000-7fd8df2e9000 rw-p 00000000 00:00 0 
7fd8df2e9000-7fd8df2eb000 r-xp 00000000 08:06 3804727                    /lib/x86_64-linux-gnu/libdl-2.15.so
7fd8df2eb000-7fd8df4eb000 ---p 00002000 08:06 3804727                    /lib/x86_64-linux-gnu/libdl-2.15.so
7fd8df4eb000-7fd8df4ec000 r--p 00002000 08:06 3804727                    /lib/x86_64-linux-gnu/libdl-2.15.so
7fd8df4ec000-7fd8df4ed000 rw-p 00003000 08:06 3804727                    /lib/x86_64-linux-gnu/libdl-2.15.so
7fd8df4ed000-7fd8df6a1000 r-xp 00000000 08:06 3801212                    /lib/x86_64-linux-gnu/libc-2.15.so
7fd8df6a1000-7fd8df8a1000 ---p 001b4000 08:06 3801212                    /lib/x86_64-linux-gnu/libc-2.15.so
7fd8df8a1000-7fd8df8a5000 r--p 001b4000 08:06 3801212                    /lib/x86_64-linux-gnu/libc-2.15.so
7fd8df8a5000-7fd8df8a7000 rw-p 001b8000 08:06 3801212                    /lib/x86_64-linux-gnu/libc-2.15.so
7fd8df8a7000-7fd8df8ac000 rw-p 00000000 00:00 0 
7fd8df8ac000-7fd8df8b9000 r-xp 00000000 08:06 5511228                    /usr/lib/jvm/java-7-openjdk-amd64/jre/lib/amd64/jli/libjli.so
7fd8df8b9000-7fd8dfab8000 ---p 0000d000 08:06 5511228                    /usr/lib/jvm/java-7-openjdk-amd64/jre/lib/amd64/jli/libjli.so
7fd8dfab8000-7fd8dfab9000 r--p 0000c000 08:06 5511228                    /usr/lib/jvm/java-7-openjdk-amd64/jre/lib/amd64/jli/libjli.so
7fd8dfab9000-7fd8dfaba000 rw-p 0000d000 08:06 5511228                    /usr/lib/jvm/java-7-openjdk-amd64/jre/lib/amd64/jli/libjli.so
7fd8dfaba000-7fd8dfadc000 r-xp 00000000 08:06 3801221                    /lib/x86_64-linux-gnu/ld-2.15.so
7fd8dfadc000-7fd8dfb07000 rw-p 00000000 00:00 0 
7fd8dfb07000-7fd8dfbbd000 rw-p 00000000 00:00 0 
7fd8dfbbd000-7fd8dfbc0000 ---p 00000000 00:00 0 
7fd8dfbc0000-7fd8dfcc3000 rw-p 00000000 00:00 0 
7fd8dfcc3000-7fd8dfcc5000 r--s 0002e000 08:06 2373173                    /home/senycorp/Downloads/JNativeHook/jar/JNativeHook.jar
7fd8dfcc5000-7fd8dfcc9000 r--s 00034000 08:06 5511242                    /usr/lib/jvm/java-7-openjdk-amd64/jre/lib/ext/sunjce_provider.jar
7fd8dfcc9000-7fd8dfccc000 r--s 00086000 08:06 5511240                    /usr/lib/jvm/java-7-openjdk-amd64/jre/lib/ext/localedata.jar
7fd8dfccc000-7fd8dfccf000 r--s 0000f000 08:06 5511244                    /usr/lib/jvm/java-7-openjdk-amd64/jre/lib/ext/icedtea-sound.jar
7fd8dfccf000-7fd8dfcd0000 r--s 00007000 08:06 5247365                    /usr/share/java/java-atk-wrapper.jar
7fd8dfcd0000-7fd8dfcd8000 rw-s 00000000 08:06 2504092                    /tmp/hsperfdata_senycorp/9231
7fd8dfcd8000-7fd8dfcd9000 rw-p 00000000 00:00 0 
7fd8dfcd9000-7fd8dfcda000 r--p 00000000 00:00 0 
7fd8dfcda000-7fd8dfcdc000 rw-p 00000000 00:00 0 
7fd8dfcdc000-7fd8dfcdd000 r--p 00022000 08:06 3801221                    /lib/x86_64-linux-gnu/ld-2.15.so
7fd8dfcdd000-7fd8dfcdf000 rw-p 00023000 08:06 3801221                    /lib/x86_64-linux-gnu/ld-2.15.so
7ffff66ec000-7ffff670d000 rw-p 00000000 00:00 0                          [stack]
7ffff67ee000-7ffff67ef000 r-xp 00000000 00:00 0                          [vdso]
ffffffffff600000-ffffffffff601000 r-xp 00000000 00:00 0                  [vsyscall]

VM Arguments:
jvm_args: -Dfile.encoding=UTF-8 
java_command: snake.Snake
Launcher Type: SUN_STANDARD

Environment Variables:
PATH=/usr/lib/lightdm/lightdm:/usr/local/sbin:/usr/local/bin:/usr/sbin:/usr/bin:/sbin:/bin:/usr/games
LD_LIBRARY_PATH=/usr/lib/jvm/java-7-openjdk-amd64/jre/lib/amd64:/usr/lib/jvm/java-7-openjdk-amd64/jre/lib/i386:
SHELL=/bin/bash
DISPLAY=:0

Signal Handlers:
SIGSEGV: [libjvm.so+0x926aa0], sa_mask[0]=0x7ffbfeff, sa_flags=0x10000004
SIGBUS: [libjvm.so+0x926aa0], sa_mask[0]=0x7ffbfeff, sa_flags=0x10000004
SIGFPE: [libjvm.so+0x7a59e0], sa_mask[0]=0x7ffbfeff, sa_flags=0x10000004
SIGPIPE: [libjvm.so+0x7a59e0], sa_mask[0]=0x7ffbfeff, sa_flags=0x10000004
SIGXFSZ: [libjvm.so+0x7a59e0], sa_mask[0]=0x7ffbfeff, sa_flags=0x10000004
SIGILL: [libjvm.so+0x7a59e0], sa_mask[0]=0x7ffbfeff, sa_flags=0x10000004
SIGUSR1: SIG_DFL, sa_mask[0]=0x00000000, sa_flags=0x00000000
SIGUSR2: [libjvm.so+0x7a5c00], sa_mask[0]=0x00000004, sa_flags=0x10000004
SIGHUP: [libjvm.so+0x7a5d70], sa_mask[0]=0x7ffbfeff, sa_flags=0x10000004
SIGINT: SIG_IGN, sa_mask[0]=0x00000000, sa_flags=0x00000000
SIGTERM: [libjvm.so+0x7a5d70], sa_mask[0]=0x7ffbfeff, sa_flags=0x10000004
SIGQUIT: [libjvm.so+0x7a5d70], sa_mask[0]=0x7ffbfeff, sa_flags=0x10000004
SIGTRAP: SIG_DFL, sa_mask[0]=0x00000000, sa_flags=0x00000000


---------------  S Y S T E M  ---------------

OS:"elementary OS" 0.2.1 (luna)
uname:Linux 3.2.0-77-generic #112-Ubuntu SMP Tue Feb 10 15:22:22 UTC 2015 x86_64
libc:glibc 2.15 NPTL 2.15 
rlimit: STACK 8192k, CORE 0k, NPROC 62590, NOFILE 4096, AS infinity
load average:0,22 0,31 0,30

/proc/meminfo:
MemTotal:        8035108 kB
MemFree:          679556 kB
Buffers:          256448 kB
Cached:          1956420 kB
SwapCached:         4404 kB
Active:          4966672 kB
Inactive:        1779372 kB
Active(anon):    3792164 kB
Inactive(anon):   807168 kB
Active(file):    1174508 kB
Inactive(file):   972204 kB
Unevictable:        2768 kB
Mlocked:            2768 kB
SwapTotal:       4881404 kB
SwapFree:        4875884 kB
Dirty:               308 kB
Writeback:             0 kB
AnonPages:       4527544 kB
Mapped:           283028 kB
Shmem:             70552 kB
Slab:             189900 kB
SReclaimable:     148876 kB
SUnreclaim:        41024 kB
KernelStack:        6560 kB
PageTables:        64980 kB
NFS_Unstable:          0 kB
Bounce:                0 kB
WritebackTmp:          0 kB
CommitLimit:     8898956 kB
Committed_AS:   11053964 kB
VmallocTotal:   34359738367 kB
VmallocUsed:      340756 kB
VmallocChunk:   34359339084 kB
HardwareCorrupted:     0 kB
AnonHugePages:         0 kB
HugePages_Total:       0
HugePages_Free:        0
HugePages_Rsvd:        0
HugePages_Surp:        0
Hugepagesize:       2048 kB
DirectMap4k:      378880 kB
DirectMap2M:     7870464 kB


CPU:total 4 (2 cores per cpu, 2 threads per core) family 6 model 37 stepping 5, cmov, cx8, fxsr, mmx, sse, sse2, sse3, ssse3, sse4.1, sse4.2, popcnt, aes, ht, tsc, tscinvbit

/proc/cpuinfo:
processor	: 0
vendor_id	: GenuineIntel
cpu family	: 6
model		: 37
model name	: Intel(R) Core(TM) i7 CPU       M 620  @ 2.67GHz
stepping	: 5
microcode	: 0x2
cpu MHz		: 2666.000
cache size	: 4096 KB
physical id	: 0
siblings	: 4
core id		: 0
cpu cores	: 2
apicid		: 0
initial apicid	: 0
fpu		: yes
fpu_exception	: yes
cpuid level	: 11
wp		: yes
flags		: fpu vme de pse tsc msr pae mce cx8 apic sep mtrr pge mca cmov pat pse36 clflush dts acpi mmx fxsr sse sse2 ss ht tm pbe syscall nx rdtscp lm constant_tsc arch_perfmon pebs bts rep_good nopl xtopology nonstop_tsc aperfmperf pni pclmulqdq dtes64 monitor ds_cpl vmx smx est tm2 ssse3 cx16 xtpr pdcm pcid sse4_1 sse4_2 popcnt aes lahf_lm ida arat dtherm tpr_shadow vnmi flexpriority ept vpid
bogomips	: 5319.99
clflush size	: 64
cache_alignment	: 64
address sizes	: 36 bits physical, 48 bits virtual
power management:

processor	: 1
vendor_id	: GenuineIntel
cpu family	: 6
model		: 37
model name	: Intel(R) Core(TM) i7 CPU       M 620  @ 2.67GHz
stepping	: 5
microcode	: 0x2
cpu MHz		: 2666.000
cache size	: 4096 KB
physical id	: 0
siblings	: 4
core id		: 0
cpu cores	: 2
apicid		: 1
initial apicid	: 1
fpu		: yes
fpu_exception	: yes
cpuid level	: 11
wp		: yes
flags		: fpu vme de pse tsc msr pae mce cx8 apic sep mtrr pge mca cmov pat pse36 clflush dts acpi mmx fxsr sse sse2 ss ht tm pbe syscall nx rdtscp lm constant_tsc arch_perfmon pebs bts rep_good nopl xtopology nonstop_tsc aperfmperf pni pclmulqdq dtes64 monitor ds_cpl vmx smx est tm2 ssse3 cx16 xtpr pdcm pcid sse4_1 sse4_2 popcnt aes lahf_lm ida arat dtherm tpr_shadow vnmi flexpriority ept vpid
bogomips	: 5319.91
clflush size	: 64
cache_alignment	: 64
address sizes	: 36 bits physical, 48 bits virtual
power management:

processor	: 2
vendor_id	: GenuineIntel
cpu family	: 6
model		: 37
model name	: Intel(R) Core(TM) i7 CPU       M 620  @ 2.67GHz
stepping	: 5
microcode	: 0x2
cpu MHz		: 1466.000
cache size	: 4096 KB
physical id	: 0
siblings	: 4
core id		: 2
cpu cores	: 2
apicid		: 4
initial apicid	: 4
fpu		: yes
fpu_exception	: yes
cpuid level	: 11
wp		: yes
flags		: fpu vme de pse tsc msr pae mce cx8 apic sep mtrr pge mca cmov pat pse36 clflush dts acpi mmx fxsr sse sse2 ss ht tm pbe syscall nx rdtscp lm constant_tsc arch_perfmon pebs bts rep_good nopl xtopology nonstop_tsc aperfmperf pni pclmulqdq dtes64 monitor ds_cpl vmx smx est tm2 ssse3 cx16 xtpr pdcm pcid sse4_1 sse4_2 popcnt aes lahf_lm ida arat dtherm tpr_shadow vnmi flexpriority ept vpid
bogomips	: 5319.90
clflush size	: 64
cache_alignment	: 64
address sizes	: 36 bits physical, 48 bits virtual
power management:

processor	: 3
vendor_id	: GenuineIntel
cpu family	: 6
model		: 37
model name	: Intel(R) Core(TM) i7 CPU       M 620  @ 2.67GHz
stepping	: 5
microcode	: 0x2
cpu MHz		: 2666.000
cache size	: 4096 KB
physical id	: 0
siblings	: 4
core id		: 2
cpu cores	: 2
apicid		: 5
initial apicid	: 5
fpu		: yes
fpu_exception	: yes
cpuid level	: 11
wp		: yes
flags		: fpu vme de pse tsc msr pae mce cx8 apic sep mtrr pge mca cmov pat pse36 clflush dts acpi mmx fxsr sse sse2 ss ht tm pbe syscall nx rdtscp lm constant_tsc arch_perfmon pebs bts rep_good nopl xtopology nonstop_tsc aperfmperf pni pclmulqdq dtes64 monitor ds_cpl vmx smx est tm2 ssse3 cx16 xtpr pdcm pcid sse4_1 sse4_2 popcnt aes lahf_lm ida arat dtherm tpr_shadow vnmi flexpriority ept vpid
bogomips	: 5319.92
clflush size	: 64
cache_alignment	: 64
address sizes	: 36 bits physical, 48 bits virtual
power management:



Memory: 4k page, physical 8035108k(679556k free), swap 4881404k(4875884k free)

vm_info: OpenJDK 64-Bit Server VM (24.75-b04) for linux-amd64 JRE (1.7.0_75-b13), built on Jan 27 2015 16:25:00 by "buildd" with gcc 4.6.3

time: Thu Apr  9 18:45:43 2015
elapsed time: 33 seconds

