#
# A fatal error has been detected by the Java Runtime Environment:
#
#  SIGSEGV (0xb) at pc=0x0000000000002306, pid=9207, tid=139800518866688
#
# JRE version: OpenJDK Runtime Environment (7.0_75-b13) (build 1.7.0_75-b13)
# Java VM: OpenJDK 64-Bit Server VM (24.75-b04 mixed mode linux-amd64 compressed oops)
# Derivative: IcedTea 2.5.4
# Distribution: Ubuntu 12.04 LTS, package 7u75-2.5.4-1~precise1
# Problematic frame:
# C  0x0000000000002306
#
# Failed to write core dump. Core dumps have been disabled. To enable core dumping, try "ulimit -c unlimited" before starting Java again
#
# If you would like to submit a bug report, please include
# instructions on how to reproduce the bug and visit:
#   http://icedtea.classpath.org/bugzilla
# The crash happened outside the Java Virtual Machine in native code.
# See problematic frame for where to report the bug.
#

---------------  T H R E A D  ---------------

Current thread (0x00007f25e41bd800):  JavaThread "JNativeHook Hook Thread" [_thread_in_native, id=9224, stack(0x00007f25d8343000,0x00007f25d8444000)]

siginfo:si_signo=SIGSEGV: si_errno=0, si_code=1 (SEGV_MAPERR), si_addr=0x0000000000002306

Registers:
RAX=0x0000000003f5f8cb, RBX=0x00007f2598025be0, RCX=0x0000000000000009, RDX=0x00007f25980020d4
RSP=0x00007f25d8442618, RBP=0x00007f2598025be0, RSI=0x0000000000000000, RDI=0x00007f25d9e52770
R8 =0x00007f25980020d4, R9 =0x00007f25d9c4adf0, R10=0x00007f2598028334, R11=0x00007f25ead9d230
R12=0x0000000000000024, R13=0x0000000000000020, R14=0x00007f25980020c8, R15=0x0000000000000008
RIP=0x0000000000002306, EFLAGS=0x0000000000010246, CSGSFS=0x0000000000000033, ERR=0x0000000000000014
  TRAPNO=0x000000000000000e

Top of Stack: (sp=0x00007f25d8442618)
0x00007f25d8442618:   00007f25d9c4ae1a 000000000000000e
0x00007f25d8442628:   00007f2598013180 00007f25980143d0
0x00007f25d8442638:   0000000000000000 00007f25d84426f0
0x00007f25d8442648:   00007f2598025be0 0000000000000024
0x00007f25d8442658:   0000000000000020 00007f25980020c8
0x00007f25d8442668:   00007f25d92a48c3 00000000000001d0
0x00007f25d8442678:   00007f2598013180 00007f25980020d4
0x00007f25d8442688:   00007f25980258b0 00007f25d9c4adf0
0x00007f25d8442698:   00007f2598013180 00007f25e41bd800
0x00007f25d84426a8:   00007f2598013180 00007f25980258b0
0x00007f25d84426b8:   0000000000000000 00007f25d9c4adf0
0x00007f25d84426c8:   00007f25980020c0 00007f25e41bd800
0x00007f25d84426d8:   00007f25d92a59bf 0000000000000000
0x00007f25d84426e8:   00007f25eb1fc235 00000009000e0001
0x00007f25d84426f8:   0000000002010001 0000000003f5f8cb
0x00007f25d8442708:   0000000000000000 00007f25d9e52260
0x00007f25d8442718:   0000000000000000 0000000000000000
0x00007f25d8442728:   000000077b3f9b90 00007f25d8442800
0x00007f25d8442738:   00007f25d9c4d0a4 00007f25ea5c35d8
0x00007f25d8442748:   00000001d8442800 0000000d00000001
0x00007f25d8442758:   0000000000000003 00000000ffffffff
0x00007f25d8442768:   00007f25e41bd9d8 00007f25d84427e0
0x00007f25d8442778:   00007f25d9c4d42b 000000077b3f9b98
0x00007f25d8442788:   00007f25e0e097f8 0000000000000002
0x00007f25d8442798:   0000000c00000068 00007f25d84427a0
0x00007f25d84427a8:   000000077b3f9b90 00007f25d8442800
0x00007f25d84427b8:   000000077b3fa050 0000000000000000
0x00007f25d84427c8:   000000077b3f9b98 0000000000000000
0x00007f25d84427d8:   00007f25d8442800 00007f25d8442848
0x00007f25d84427e8:   00007f25e0dfd058 0000000000000000
0x00007f25d84427f8:   00007f25e0e05cd8 00000007d73b3040
0x00007f25d8442808:   00007f25d8442808 000000077b3f99ce 

Instructions: (pc=0x0000000000002306)
0x00000000000022e6:   
[error occurred during error reporting (printing registers, top of stack, instructions near pc), id 0xb]

Register to memory mapping:

RAX=0x0000000003f5f8cb is an unknown value
RBX=0x00007f2598025be0 is an unknown value
RCX=0x0000000000000009 is an unknown value
RDX=0x00007f25980020d4 is an unknown value
RSP=0x00007f25d8442618 is pointing into the stack for thread: 0x00007f25e41bd800
RBP=0x00007f2598025be0 is an unknown value
RSI=0x0000000000000000 is an unknown value
RDI=
[error occurred during error reporting (printing register info), id 0xb]

Stack: [0x00007f25d8343000,0x00007f25d8444000],  sp=0x00007f25d8442618,  free space=1021k
Native frames: (J=compiled Java code, j=interpreted, Vv=VM code, C=native code)
C  0x0000000000002306

Java frames: (J=compiled Java code, j=interpreted, Vv=VM code)
j  org.jnativehook.GlobalScreen$NativeHookThread.enable()V+0
j  org.jnativehook.GlobalScreen$NativeHookThread.run()V+6
v  ~StubRoutines::call_stub

---------------  P R O C E S S  ---------------

Java Threads: ( => current thread )
  0x00007f25e400a000 JavaThread "DestroyJavaVM" [_thread_blocked, id=9211, stack(0x00007f25eb2ea000,0x00007f25eb3eb000)]
  0x00007f2598027800 JavaThread "JNativeHook Dispatch Thread" daemon [_thread_blocked, id=9225, stack(0x00007f25d8242000,0x00007f25d8343000)]
=>0x00007f25e41bd800 JavaThread "JNativeHook Hook Thread" [_thread_in_native, id=9224, stack(0x00007f25d8343000,0x00007f25d8444000)]
  0x00007f25e40ae800 JavaThread "Service Thread" daemon [_thread_blocked, id=9222, stack(0x00007f25d9f6c000,0x00007f25da06d000)]
  0x00007f25e40ac000 JavaThread "C2 CompilerThread1" daemon [_thread_blocked, id=9221, stack(0x00007f25da06d000,0x00007f25da16e000)]
  0x00007f25e40a9000 JavaThread "C2 CompilerThread0" daemon [_thread_blocked, id=9220, stack(0x00007f25da16e000,0x00007f25da26f000)]
  0x00007f25e40a7000 JavaThread "Signal Dispatcher" daemon [_thread_blocked, id=9219, stack(0x00007f25da26f000,0x00007f25da370000)]
  0x00007f25e407c000 JavaThread "Finalizer" daemon [_thread_blocked, id=9218, stack(0x00007f25daa22000,0x00007f25dab23000)]
  0x00007f25e407a000 JavaThread "Reference Handler" daemon [_thread_blocked, id=9217, stack(0x00007f25dab23000,0x00007f25dac24000)]

Other Threads:
  0x00007f25e4075800 VMThread [stack: 0x00007f25dac24000,0x00007f25dad25000] [id=9216]
  0x00007f25e40b9000 WatcherThread [stack: 0x00007f25d9e6b000,0x00007f25d9f6c000] [id=9223]

VM state:not at safepoint (normal execution)

VM Mutex/Monitor currently owned by a thread: None

Heap
 PSYoungGen      total 36864K, used 3809K [0x00000007d7200000, 0x00000007d9b00000, 0x0000000800000000)
  eden space 31744K, 12% used [0x00000007d7200000,0x00000007d75b8748,0x00000007d9100000)
  from space 5120K, 0% used [0x00000007d9600000,0x00000007d9600000,0x00000007d9b00000)
  to   space 5120K, 0% used [0x00000007d9100000,0x00000007d9100000,0x00000007d9600000)
 ParOldGen       total 83456K, used 0K [0x0000000785600000, 0x000000078a780000, 0x00000007d7200000)
  object space 83456K, 0% used [0x0000000785600000,0x0000000785600000,0x000000078a780000)
 PSPermGen       total 21504K, used 4095K [0x000000077b000000, 0x000000077c500000, 0x0000000785600000)
  object space 21504K, 19% used [0x000000077b000000,0x000000077b3ffd30,0x000000077c500000)

Card table byte_map: [0x00007f25e09ce000,0x00007f25e0df7000] byte_map_base: 0x00007f25dcdf6000

Polling page: 0x00007f25eb406000

Code Cache  [0x00007f25e0df7000, 0x00007f25e1067000, 0x00007f25e3df7000)
 total_blobs=210 nmethods=9 adapters=156 free_code_cache=48744Kb largest_free_block=49902272

Compilation events (10 events):
Event: 0,131 Thread 0x00007f25e40ac000    3             sun.nio.cs.UTF_8$Encoder::encode (361 bytes)
Event: 0,140 Thread 0x00007f25e40ac000 nmethod 3 0x00007f25e0e57e10 code [0x00007f25e0e57f80, 0x00007f25e0e584a8]
Event: 0,141 Thread 0x00007f25e40ac000    4             java.util.Properties$LineReader::readLine (452 bytes)
Event: 0,159 Thread 0x00007f25e40ac000 nmethod 4 0x00007f25e0e5acd0 code [0x00007f25e0e5ae60, 0x00007f25e0e5b698]
Event: 0,164 Thread 0x00007f25e40a9000    5             sun.security.provider.SHA::implCompress (491 bytes)
Event: 0,174 Thread 0x00007f25e40ac000    7             java.lang.Integer::reverseBytes (26 bytes)
Event: 0,175 Thread 0x00007f25e40ac000 nmethod 7 0x00007f25e0e5c290 code [0x00007f25e0e5c3c0, 0x00007f25e0e5c438]
Event: 0,189 Thread 0x00007f25e40a9000 nmethod 5 0x00007f25e0e5ce90 code [0x00007f25e0e5d000, 0x00007f25e0e5d9e8]
Event: 7,335 Thread 0x00007f25e40ac000    8             java.lang.String::equals (81 bytes)
Event: 7,343 Thread 0x00007f25e40ac000 nmethod 8 0x00007f25e0e5de90 code [0x00007f25e0e5dfe0, 0x00007f25e0e5e258]

GC Heap History (0 events):
No events

Deoptimization events (0 events):
No events

Internal exceptions (10 events):
Event: 0,130 Thread 0x00007f25e400a000 Threw 0x00000007d734ace8 at /build/buildd/openjdk-7-7u75-2.5.4/build/openjdk/hotspot/src/share/vm/prims/jvm.cpp:1284
Event: 0,194 Thread 0x00007f25e400a000 Threw 0x00000007d7398ad8 at /build/buildd/openjdk-7-7u75-2.5.4/build/openjdk/hotspot/src/share/vm/prims/jvm.cpp:1284
Event: 0,195 Thread 0x00007f25e400a000 Threw 0x00000007d739c718 at /build/buildd/openjdk-7-7u75-2.5.4/build/openjdk/hotspot/src/share/vm/prims/jvm.cpp:1284
Event: 0,197 Thread 0x00007f25e400a000 Threw 0x00000007d73a8ef0 at /build/buildd/openjdk-7-7u75-2.5.4/build/openjdk/hotspot/src/share/vm/prims/jvm.cpp:1284
Event: 0,197 Thread 0x00007f25e400a000 Threw 0x00000007d73ac8d8 at /build/buildd/openjdk-7-7u75-2.5.4/build/openjdk/hotspot/src/share/vm/prims/jvm.cpp:1284
Event: 0,199 Thread 0x00007f25e400a000 Threw 0x00000007d73b12a8 at /build/buildd/openjdk-7-7u75-2.5.4/build/openjdk/hotspot/src/share/vm/prims/jvm.cpp:1284
Event: 0,353 Thread 0x00007f25e41bd800 Threw 0x00000007d73ddb88 at /build/buildd/openjdk-7-7u75-2.5.4/build/openjdk/hotspot/src/share/vm/prims/jvm.cpp:1284
Event: 0,354 Thread 0x00007f2598027800 Threw 0x00000007d747bf50 at /build/buildd/openjdk-7-7u75-2.5.4/build/openjdk/hotspot/src/share/vm/prims/jvm.cpp:1284
Event: 5,589 Thread 0x00007f2598027800 Threw 0x00000007d74808d8 at /build/buildd/openjdk-7-7u75-2.5.4/build/openjdk/hotspot/src/share/vm/prims/jvm.cpp:1284
Event: 8,343 Thread 0x00007f2598027800 Threw 0x00000007d7483f30 at /build/buildd/openjdk-7-7u75-2.5.4/build/openjdk/hotspot/src/share/vm/prims/jvm.cpp:1284

Events (10 events):
Event: 0,355 loading class 0x00007f25e03a6620
Event: 0,355 loading class 0x00007f25e03a6620 done
Event: 4,082 Executing VM operation: EnableBiasedLocking
Event: 4,082 Executing VM operation: EnableBiasedLocking done
Event: 5,589 loading class 0x00007f25e40f7b60
Event: 5,589 loading class 0x00007f25e40f7b60 done
Event: 8,343 loading class 0x00007f25e40f7bf0
Event: 8,343 loading class 0x00007f25e40f7bf0 done
Event: 22,711 Thread 0x00007f25e400a000 Thread exited: 0x00007f25e400a000
Event: 22,711 Thread 0x00007f25e400a000 Thread added: 0x00007f25e400a000


Dynamic libraries:
00400000-00401000 r-xp 00000000 08:06 5511279                            /usr/lib/jvm/java-7-openjdk-amd64/jre/bin/java
00600000-00601000 r--p 00000000 08:06 5511279                            /usr/lib/jvm/java-7-openjdk-amd64/jre/bin/java
00601000-00602000 rw-p 00001000 08:06 5511279                            /usr/lib/jvm/java-7-openjdk-amd64/jre/bin/java
01556000-01577000 rw-p 00000000 00:00 0                                  [heap]
77b000000-77c500000 rw-p 00000000 00:00 0 
77c500000-785600000 rw-p 00000000 00:00 0 
785600000-78a780000 rw-p 00000000 00:00 0 
78a780000-7d7200000 rw-p 00000000 00:00 0 
7d7200000-7d9b00000 rw-p 00000000 00:00 0 
7d9b00000-800000000 rw-p 00000000 00:00 0 
7f2598000000-7f259802f000 rw-p 00000000 00:00 0 
7f259802f000-7f259c000000 ---p 00000000 00:00 0 
7f259c000000-7f259c021000 rw-p 00000000 00:00 0 
7f259c021000-7f25a0000000 ---p 00000000 00:00 0 
7f25a0000000-7f25a0021000 rw-p 00000000 00:00 0 
7f25a0021000-7f25a4000000 ---p 00000000 00:00 0 
7f25a4000000-7f25a4021000 rw-p 00000000 00:00 0 
7f25a4021000-7f25a8000000 ---p 00000000 00:00 0 
7f25a8000000-7f25a8193000 rw-p 00000000 00:00 0 
7f25a8193000-7f25ac000000 ---p 00000000 00:00 0 
7f25ac000000-7f25ac0d2000 rw-p 00000000 00:00 0 
7f25ac0d2000-7f25b0000000 ---p 00000000 00:00 0 
7f25b0000000-7f25b0021000 rw-p 00000000 00:00 0 
7f25b0021000-7f25b4000000 ---p 00000000 00:00 0 
7f25b4000000-7f25b4021000 rw-p 00000000 00:00 0 
7f25b4021000-7f25b8000000 ---p 00000000 00:00 0 
7f25b8000000-7f25b8021000 rw-p 00000000 00:00 0 
7f25b8021000-7f25bc000000 ---p 00000000 00:00 0 
7f25bfd80000-7f25c4000000 rw-p 00000000 00:00 0 
7f25c4000000-7f25c4021000 rw-p 00000000 00:00 0 
7f25c4021000-7f25c8000000 ---p 00000000 00:00 0 
7f25c8000000-7f25c8021000 rw-p 00000000 00:00 0 
7f25c8021000-7f25cc000000 ---p 00000000 00:00 0 
7f25cc000000-7f25cc021000 rw-p 00000000 00:00 0 
7f25cc021000-7f25d0000000 ---p 00000000 00:00 0 
7f25d4000000-7f25d4021000 rw-p 00000000 00:00 0 
7f25d4021000-7f25d8000000 ---p 00000000 00:00 0 
7f25d8242000-7f25d8245000 ---p 00000000 00:00 0 
7f25d8245000-7f25d8343000 rw-p 00000000 00:00 0 
7f25d8343000-7f25d8346000 ---p 00000000 00:00 0 
7f25d8346000-7f25d8444000 rw-p 00000000 00:00 0 
7f25d8444000-7f25d8449000 r-xp 00000000 08:06 5119181                    /usr/lib/x86_64-linux-gnu/libXdmcp.so.6.0.0
7f25d8449000-7f25d8648000 ---p 00005000 08:06 5119181                    /usr/lib/x86_64-linux-gnu/libXdmcp.so.6.0.0
7f25d8648000-7f25d8649000 r--p 00004000 08:06 5119181                    /usr/lib/x86_64-linux-gnu/libXdmcp.so.6.0.0
7f25d8649000-7f25d864a000 rw-p 00005000 08:06 5119181                    /usr/lib/x86_64-linux-gnu/libXdmcp.so.6.0.0
7f25d864a000-7f25d864c000 r-xp 00000000 08:06 5119170                    /usr/lib/x86_64-linux-gnu/libXau.so.6.0.0
7f25d864c000-7f25d884b000 ---p 00002000 08:06 5119170                    /usr/lib/x86_64-linux-gnu/libXau.so.6.0.0
7f25d884b000-7f25d884c000 r--p 00001000 08:06 5119170                    /usr/lib/x86_64-linux-gnu/libXau.so.6.0.0
7f25d884c000-7f25d884d000 rw-p 00002000 08:06 5119170                    /usr/lib/x86_64-linux-gnu/libXau.so.6.0.0
7f25d884d000-7f25d8851000 r-xp 00000000 08:06 3802010                    /lib/x86_64-linux-gnu/libuuid.so.1.3.0
7f25d8851000-7f25d8a50000 ---p 00004000 08:06 3802010                    /lib/x86_64-linux-gnu/libuuid.so.1.3.0
7f25d8a50000-7f25d8a51000 r--p 00003000 08:06 3802010                    /lib/x86_64-linux-gnu/libuuid.so.1.3.0
7f25d8a51000-7f25d8a52000 rw-p 00004000 08:06 3802010                    /lib/x86_64-linux-gnu/libuuid.so.1.3.0
7f25d8a52000-7f25d8a6f000 r-xp 00000000 08:06 5119793                    /usr/lib/x86_64-linux-gnu/libxcb.so.1.1.0
7f25d8a6f000-7f25d8c6e000 ---p 0001d000 08:06 5119793                    /usr/lib/x86_64-linux-gnu/libxcb.so.1.1.0
7f25d8c6e000-7f25d8c6f000 r--p 0001c000 08:06 5119793                    /usr/lib/x86_64-linux-gnu/libxcb.so.1.1.0
7f25d8c6f000-7f25d8c70000 rw-p 0001d000 08:06 5119793                    /usr/lib/x86_64-linux-gnu/libxcb.so.1.1.0
7f25d8c70000-7f25d8c86000 r-xp 00000000 08:06 5119159                    /usr/lib/x86_64-linux-gnu/libICE.so.6.3.0
7f25d8c86000-7f25d8e85000 ---p 00016000 08:06 5119159                    /usr/lib/x86_64-linux-gnu/libICE.so.6.3.0
7f25d8e85000-7f25d8e86000 r--p 00015000 08:06 5119159                    /usr/lib/x86_64-linux-gnu/libICE.so.6.3.0
7f25d8e86000-7f25d8e87000 rw-p 00016000 08:06 5119159                    /usr/lib/x86_64-linux-gnu/libICE.so.6.3.0
7f25d8e87000-7f25d8e8a000 rw-p 00000000 00:00 0 
7f25d8e8a000-7f25d8e91000 r-xp 00000000 08:06 5119164                    /usr/lib/x86_64-linux-gnu/libSM.so.6.0.1
7f25d8e91000-7f25d9090000 ---p 00007000 08:06 5119164                    /usr/lib/x86_64-linux-gnu/libSM.so.6.0.1
7f25d9090000-7f25d9091000 r--p 00006000 08:06 5119164                    /usr/lib/x86_64-linux-gnu/libSM.so.6.0.1
7f25d9091000-7f25d9092000 rw-p 00007000 08:06 5119164                    /usr/lib/x86_64-linux-gnu/libSM.so.6.0.1
7f25d9092000-7f25d90a2000 r-xp 00000000 08:06 5119183                    /usr/lib/x86_64-linux-gnu/libXext.so.6.4.0
7f25d90a2000-7f25d92a1000 ---p 00010000 08:06 5119183                    /usr/lib/x86_64-linux-gnu/libXext.so.6.4.0
7f25d92a1000-7f25d92a2000 r--p 0000f000 08:06 5119183                    /usr/lib/x86_64-linux-gnu/libXext.so.6.4.0
7f25d92a2000-7f25d92a3000 rw-p 00010000 08:06 5119183                    /usr/lib/x86_64-linux-gnu/libXext.so.6.4.0
7f25d92a3000-7f25d92a8000 r-xp 00000000 08:06 5119209                    /usr/lib/x86_64-linux-gnu/libXtst.so.6.1.0
7f25d92a8000-7f25d94a7000 ---p 00005000 08:06 5119209                    /usr/lib/x86_64-linux-gnu/libXtst.so.6.1.0
7f25d94a7000-7f25d94a8000 r--p 00004000 08:06 5119209                    /usr/lib/x86_64-linux-gnu/libXtst.so.6.1.0
7f25d94a8000-7f25d94a9000 rw-p 00005000 08:06 5119209                    /usr/lib/x86_64-linux-gnu/libXtst.so.6.1.0
7f25d94a9000-7f25d95d9000 r-xp 00000000 08:06 5114055                    /usr/lib/x86_64-linux-gnu/libX11.so.6.3.0
7f25d95d9000-7f25d97d9000 ---p 00130000 08:06 5114055                    /usr/lib/x86_64-linux-gnu/libX11.so.6.3.0
7f25d97d9000-7f25d97da000 r--p 00130000 08:06 5114055                    /usr/lib/x86_64-linux-gnu/libX11.so.6.3.0
7f25d97da000-7f25d97de000 rw-p 00131000 08:06 5114055                    /usr/lib/x86_64-linux-gnu/libX11.so.6.3.0
7f25d97de000-7f25d983d000 r-xp 00000000 08:06 5119207                    /usr/lib/x86_64-linux-gnu/libXt.so.6.0.0
7f25d983d000-7f25d9a3d000 ---p 0005f000 08:06 5119207                    /usr/lib/x86_64-linux-gnu/libXt.so.6.0.0
7f25d9a3d000-7f25d9a3e000 r--p 0005f000 08:06 5119207                    /usr/lib/x86_64-linux-gnu/libXt.so.6.0.0
7f25d9a3e000-7f25d9a43000 rw-p 00060000 08:06 5119207                    /usr/lib/x86_64-linux-gnu/libXt.so.6.0.0
7f25d9a43000-7f25d9a44000 rw-p 00000000 00:00 0 
7f25d9a44000-7f25d9a46000 r-xp 00000000 08:06 5119191                    /usr/lib/x86_64-linux-gnu/libXinerama.so.1.0.0
7f25d9a46000-7f25d9c45000 ---p 00002000 08:06 5119191                    /usr/lib/x86_64-linux-gnu/libXinerama.so.1.0.0
7f25d9c45000-7f25d9c46000 r--p 00001000 08:06 5119191                    /usr/lib/x86_64-linux-gnu/libXinerama.so.1.0.0
7f25d9c46000-7f25d9c47000 rw-p 00002000 08:06 5119191                    /usr/lib/x86_64-linux-gnu/libXinerama.so.1.0.0
7f25d9c47000-7f25d9c52000 r-xp 00000000 08:06 2504087                    /tmp/libJNativeHook-2.0.1.so
7f25d9c52000-7f25d9e51000 ---p 0000b000 08:06 2504087                    /tmp/libJNativeHook-2.0.1.so
7f25d9e51000-7f25d9e52000 r--p 0000a000 08:06 2504087                    /tmp/libJNativeHook-2.0.1.so
7f25d9e52000-7f25d9e53000 rw-p 0000b000 08:06 2504087                    /tmp/libJNativeHook-2.0.1.so
7f25d9e53000-7f25d9e57000 r--s 0004d000 08:06 5511233                    /usr/lib/jvm/java-7-openjdk-amd64/jre/lib/jsse.jar
7f25d9e57000-7f25d9e59000 r--s 0002e000 08:06 2373173                    /home/senycorp/Downloads/JNativeHook/jar/JNativeHook.jar
7f25d9e59000-7f25d9e5b000 r--s 00012000 08:06 5511241                    /usr/lib/jvm/java-7-openjdk-amd64/jre/lib/ext/zipfs.jar
7f25d9e5b000-7f25d9e5c000 r--s 00002000 08:06 5511243                    /usr/lib/jvm/java-7-openjdk-amd64/jre/lib/ext/dnsns.jar
7f25d9e5c000-7f25d9e60000 r--s 0003c000 08:06 5511245                    /usr/lib/jvm/java-7-openjdk-amd64/jre/lib/ext/sunpkcs11.jar
7f25d9e60000-7f25d9e64000 r--s 00034000 08:06 5511242                    /usr/lib/jvm/java-7-openjdk-amd64/jre/lib/ext/sunjce_provider.jar
7f25d9e64000-7f25d9e67000 r--s 00086000 08:06 5511240                    /usr/lib/jvm/java-7-openjdk-amd64/jre/lib/ext/localedata.jar
7f25d9e67000-7f25d9e6a000 r--s 0000f000 08:06 5511244                    /usr/lib/jvm/java-7-openjdk-amd64/jre/lib/ext/icedtea-sound.jar
7f25d9e6a000-7f25d9e6b000 r--s 00007000 08:06 5247365                    /usr/share/java/java-atk-wrapper.jar
7f25d9e6b000-7f25d9e6c000 ---p 00000000 00:00 0 
7f25d9e6c000-7f25d9f6c000 rw-p 00000000 00:00 0 
7f25d9f6c000-7f25d9f6f000 ---p 00000000 00:00 0 
7f25d9f6f000-7f25da06d000 rw-p 00000000 00:00 0 
7f25da06d000-7f25da070000 ---p 00000000 00:00 0 
7f25da070000-7f25da16e000 rw-p 00000000 00:00 0 
7f25da16e000-7f25da171000 ---p 00000000 00:00 0 
7f25da171000-7f25da26f000 rw-p 00000000 00:00 0 
7f25da26f000-7f25da272000 ---p 00000000 00:00 0 
7f25da272000-7f25da370000 rw-p 00000000 00:00 0 
7f25da370000-7f25daa22000 r--p 00000000 08:06 5115940                    /usr/lib/locale/locale-archive
7f25daa22000-7f25daa25000 ---p 00000000 00:00 0 
7f25daa25000-7f25dab23000 rw-p 00000000 00:00 0 
7f25dab23000-7f25dab26000 ---p 00000000 00:00 0 
7f25dab26000-7f25dac24000 rw-p 00000000 00:00 0 
7f25dac24000-7f25dac25000 ---p 00000000 00:00 0 
7f25dac25000-7f25dc000000 rw-p 00000000 00:00 0 
7f25dc000000-7f25dc021000 rw-p 00000000 00:00 0 
7f25dc021000-7f25e0000000 ---p 00000000 00:00 0 
7f25e001e000-7f25e0168000 rw-p 00000000 00:00 0 
7f25e0168000-7f25e031a000 r--s 01d23000 08:06 5511264                    /usr/lib/jvm/java-7-openjdk-amd64/jre/lib/rt.jar
7f25e031a000-7f25e043d000 rw-p 00000000 00:00 0 
7f25e043d000-7f25e043e000 ---p 00000000 00:00 0 
7f25e043e000-7f25e053e000 rw-p 00000000 00:00 0 
7f25e053e000-7f25e053f000 ---p 00000000 00:00 0 
7f25e053f000-7f25e063f000 rw-p 00000000 00:00 0 
7f25e063f000-7f25e0640000 ---p 00000000 00:00 0 
7f25e0640000-7f25e0769000 rw-p 00000000 00:00 0 
7f25e0769000-7f25e09ce000 rw-p 00000000 00:00 0 
7f25e09ce000-7f25e09d9000 rw-p 00000000 00:00 0 
7f25e09d9000-7f25e0a21000 rw-p 00000000 00:00 0 
7f25e0a21000-7f25e0a4a000 rw-p 00000000 00:00 0 
7f25e0a4a000-7f25e0caf000 rw-p 00000000 00:00 0 
7f25e0caf000-7f25e0cc4000 rw-p 00000000 00:00 0 
7f25e0cc4000-7f25e0df6000 rw-p 00000000 00:00 0 
7f25e0df6000-7f25e0df7000 rw-p 00000000 00:00 0 
7f25e0df7000-7f25e1067000 rwxp 00000000 00:00 0 
7f25e1067000-7f25e3df7000 rw-p 00000000 00:00 0 
7f25e3df7000-7f25e3dff000 r-xp 00000000 08:06 5511196                    /usr/lib/jvm/java-7-openjdk-amd64/jre/lib/amd64/libzip.so
7f25e3dff000-7f25e3ffe000 ---p 00008000 08:06 5511196                    /usr/lib/jvm/java-7-openjdk-amd64/jre/lib/amd64/libzip.so
7f25e3ffe000-7f25e3fff000 r--p 00007000 08:06 5511196                    /usr/lib/jvm/java-7-openjdk-amd64/jre/lib/amd64/libzip.so
7f25e3fff000-7f25e4000000 rw-p 00008000 08:06 5511196                    /usr/lib/jvm/java-7-openjdk-amd64/jre/lib/amd64/libzip.so
7f25e4000000-7f25e41d8000 rw-p 00000000 00:00 0 
7f25e41d8000-7f25e8000000 ---p 00000000 00:00 0 
7f25e801e000-7f25e801f000 ---p 00000000 00:00 0 
7f25e801f000-7f25e812a000 rw-p 00000000 00:00 0 
7f25e812a000-7f25e8172000 rw-p 00000000 00:00 0 
7f25e8172000-7f25e817e000 r-xp 00000000 08:06 3801215                    /lib/x86_64-linux-gnu/libnss_files-2.15.so
7f25e817e000-7f25e837d000 ---p 0000c000 08:06 3801215                    /lib/x86_64-linux-gnu/libnss_files-2.15.so
7f25e837d000-7f25e837e000 r--p 0000b000 08:06 3801215                    /lib/x86_64-linux-gnu/libnss_files-2.15.so
7f25e837e000-7f25e837f000 rw-p 0000c000 08:06 3801215                    /lib/x86_64-linux-gnu/libnss_files-2.15.so
7f25e837f000-7f25e8389000 r-xp 00000000 08:06 3801211                    /lib/x86_64-linux-gnu/libnss_nis-2.15.so
7f25e8389000-7f25e8589000 ---p 0000a000 08:06 3801211                    /lib/x86_64-linux-gnu/libnss_nis-2.15.so
7f25e8589000-7f25e858a000 r--p 0000a000 08:06 3801211                    /lib/x86_64-linux-gnu/libnss_nis-2.15.so
7f25e858a000-7f25e858b000 rw-p 0000b000 08:06 3801211                    /lib/x86_64-linux-gnu/libnss_nis-2.15.so
7f25e858b000-7f25e85a2000 r-xp 00000000 08:06 3801214                    /lib/x86_64-linux-gnu/libnsl-2.15.so
7f25e85a2000-7f25e87a1000 ---p 00017000 08:06 3801214                    /lib/x86_64-linux-gnu/libnsl-2.15.so
7f25e87a1000-7f25e87a2000 r--p 00016000 08:06 3801214                    /lib/x86_64-linux-gnu/libnsl-2.15.so
7f25e87a2000-7f25e87a3000 rw-p 00017000 08:06 3801214                    /lib/x86_64-linux-gnu/libnsl-2.15.so
7f25e87a3000-7f25e87a5000 rw-p 00000000 00:00 0 
7f25e87a5000-7f25e87ad000 r-xp 00000000 08:06 3801217                    /lib/x86_64-linux-gnu/libnss_compat-2.15.so
7f25e87ad000-7f25e89ac000 ---p 00008000 08:06 3801217                    /lib/x86_64-linux-gnu/libnss_compat-2.15.so
7f25e89ac000-7f25e89ad000 r--p 00007000 08:06 3801217                    /lib/x86_64-linux-gnu/libnss_compat-2.15.so
7f25e89ad000-7f25e89ae000 rw-p 00008000 08:06 3801217                    /lib/x86_64-linux-gnu/libnss_compat-2.15.so
7f25e89ae000-7f25e89d7000 r-xp 00000000 08:06 5511193                    /usr/lib/jvm/java-7-openjdk-amd64/jre/lib/amd64/libjava.so
7f25e89d7000-7f25e8bd6000 ---p 00029000 08:06 5511193                    /usr/lib/jvm/java-7-openjdk-amd64/jre/lib/amd64/libjava.so
7f25e8bd6000-7f25e8bd7000 r--p 00028000 08:06 5511193                    /usr/lib/jvm/java-7-openjdk-amd64/jre/lib/amd64/libjava.so
7f25e8bd7000-7f25e8bd9000 rw-p 00029000 08:06 5511193                    /usr/lib/jvm/java-7-openjdk-amd64/jre/lib/amd64/libjava.so
7f25e8bd9000-7f25e8be7000 r-xp 00000000 08:06 5511208                    /usr/lib/jvm/java-7-openjdk-amd64/jre/lib/amd64/libverify.so
7f25e8be7000-7f25e8de6000 ---p 0000e000 08:06 5511208                    /usr/lib/jvm/java-7-openjdk-amd64/jre/lib/amd64/libverify.so
7f25e8de6000-7f25e8de8000 r--p 0000d000 08:06 5511208                    /usr/lib/jvm/java-7-openjdk-amd64/jre/lib/amd64/libverify.so
7f25e8de8000-7f25e8de9000 rw-p 0000f000 08:06 5511208                    /usr/lib/jvm/java-7-openjdk-amd64/jre/lib/amd64/libverify.so
7f25e8de9000-7f25e8df0000 r-xp 00000000 08:06 3801110                    /lib/x86_64-linux-gnu/librt-2.15.so
7f25e8df0000-7f25e8fef000 ---p 00007000 08:06 3801110                    /lib/x86_64-linux-gnu/librt-2.15.so
7f25e8fef000-7f25e8ff0000 r--p 00006000 08:06 3801110                    /lib/x86_64-linux-gnu/librt-2.15.so
7f25e8ff0000-7f25e8ff1000 rw-p 00007000 08:06 3801110                    /lib/x86_64-linux-gnu/librt-2.15.so
7f25e8ff1000-7f25e9006000 r-xp 00000000 08:06 3804808                    /lib/x86_64-linux-gnu/libgcc_s.so.1
7f25e9006000-7f25e9205000 ---p 00015000 08:06 3804808                    /lib/x86_64-linux-gnu/libgcc_s.so.1
7f25e9205000-7f25e9206000 r--p 00014000 08:06 3804808                    /lib/x86_64-linux-gnu/libgcc_s.so.1
7f25e9206000-7f25e9207000 rw-p 00015000 08:06 3804808                    /lib/x86_64-linux-gnu/libgcc_s.so.1
7f25e9207000-7f25e9302000 r-xp 00000000 08:06 3801222                    /lib/x86_64-linux-gnu/libm-2.15.so
7f25e9302000-7f25e9501000 ---p 000fb000 08:06 3801222                    /lib/x86_64-linux-gnu/libm-2.15.so
7f25e9501000-7f25e9502000 r--p 000fa000 08:06 3801222                    /lib/x86_64-linux-gnu/libm-2.15.so
7f25e9502000-7f25e9503000 rw-p 000fb000 08:06 3801222                    /lib/x86_64-linux-gnu/libm-2.15.so
7f25e9503000-7f25e95e5000 r-xp 00000000 08:06 5119725                    /usr/lib/x86_64-linux-gnu/libstdc++.so.6.0.16
7f25e95e5000-7f25e97e4000 ---p 000e2000 08:06 5119725                    /usr/lib/x86_64-linux-gnu/libstdc++.so.6.0.16
7f25e97e4000-7f25e97ec000 r--p 000e1000 08:06 5119725                    /usr/lib/x86_64-linux-gnu/libstdc++.so.6.0.16
7f25e97ec000-7f25e97ee000 rw-p 000e9000 08:06 5119725                    /usr/lib/x86_64-linux-gnu/libstdc++.so.6.0.16
7f25e97ee000-7f25e9803000 rw-p 00000000 00:00 0 
7f25e9803000-7f25ea2f2000 r-xp 00000000 08:06 5511222                    /usr/lib/jvm/java-7-openjdk-amd64/jre/lib/amd64/server/libjvm.so
7f25ea2f2000-7f25ea4f1000 ---p 00aef000 08:06 5511222                    /usr/lib/jvm/java-7-openjdk-amd64/jre/lib/amd64/server/libjvm.so
7f25ea4f1000-7f25ea592000 r--p 00aee000 08:06 5511222                    /usr/lib/jvm/java-7-openjdk-amd64/jre/lib/amd64/server/libjvm.so
7f25ea592000-7f25ea5b5000 rw-p 00b8f000 08:06 5511222                    /usr/lib/jvm/java-7-openjdk-amd64/jre/lib/amd64/server/libjvm.so
7f25ea5b5000-7f25ea5e2000 rw-p 00000000 00:00 0 
7f25ea5e2000-7f25ea5f8000 r-xp 00000000 08:06 3804898                    /lib/x86_64-linux-gnu/libz.so.1.2.3.4
7f25ea5f8000-7f25ea7f7000 ---p 00016000 08:06 3804898                    /lib/x86_64-linux-gnu/libz.so.1.2.3.4
7f25ea7f7000-7f25ea7f8000 r--p 00015000 08:06 3804898                    /lib/x86_64-linux-gnu/libz.so.1.2.3.4
7f25ea7f8000-7f25ea7f9000 rw-p 00016000 08:06 3804898                    /lib/x86_64-linux-gnu/libz.so.1.2.3.4
7f25ea7f9000-7f25ea811000 r-xp 00000000 08:06 3801213                    /lib/x86_64-linux-gnu/libpthread-2.15.so
7f25ea811000-7f25eaa10000 ---p 00018000 08:06 3801213                    /lib/x86_64-linux-gnu/libpthread-2.15.so
7f25eaa10000-7f25eaa11000 r--p 00017000 08:06 3801213                    /lib/x86_64-linux-gnu/libpthread-2.15.so
7f25eaa11000-7f25eaa12000 rw-p 00018000 08:06 3801213                    /lib/x86_64-linux-gnu/libpthread-2.15.so
7f25eaa12000-7f25eaa16000 rw-p 00000000 00:00 0 
7f25eaa16000-7f25eaa18000 r-xp 00000000 08:06 3804727                    /lib/x86_64-linux-gnu/libdl-2.15.so
7f25eaa18000-7f25eac18000 ---p 00002000 08:06 3804727                    /lib/x86_64-linux-gnu/libdl-2.15.so
7f25eac18000-7f25eac19000 r--p 00002000 08:06 3804727                    /lib/x86_64-linux-gnu/libdl-2.15.so
7f25eac19000-7f25eac1a000 rw-p 00003000 08:06 3804727                    /lib/x86_64-linux-gnu/libdl-2.15.so
7f25eac1a000-7f25eadce000 r-xp 00000000 08:06 3801212                    /lib/x86_64-linux-gnu/libc-2.15.so
7f25eadce000-7f25eafce000 ---p 001b4000 08:06 3801212                    /lib/x86_64-linux-gnu/libc-2.15.so
7f25eafce000-7f25eafd2000 r--p 001b4000 08:06 3801212                    /lib/x86_64-linux-gnu/libc-2.15.so
7f25eafd2000-7f25eafd4000 rw-p 001b8000 08:06 3801212                    /lib/x86_64-linux-gnu/libc-2.15.so
7f25eafd4000-7f25eafd9000 rw-p 00000000 00:00 0 
7f25eafd9000-7f25eafe6000 r-xp 00000000 08:06 5511228                    /usr/lib/jvm/java-7-openjdk-amd64/jre/lib/amd64/jli/libjli.so
7f25eafe6000-7f25eb1e5000 ---p 0000d000 08:06 5511228                    /usr/lib/jvm/java-7-openjdk-amd64/jre/lib/amd64/jli/libjli.so
7f25eb1e5000-7f25eb1e6000 r--p 0000c000 08:06 5511228                    /usr/lib/jvm/java-7-openjdk-amd64/jre/lib/amd64/jli/libjli.so
7f25eb1e6000-7f25eb1e7000 rw-p 0000d000 08:06 5511228                    /usr/lib/jvm/java-7-openjdk-amd64/jre/lib/amd64/jli/libjli.so
7f25eb1e7000-7f25eb209000 r-xp 00000000 08:06 3801221                    /lib/x86_64-linux-gnu/ld-2.15.so
7f25eb22a000-7f25eb234000 rw-p 00000000 00:00 0 
7f25eb234000-7f25eb2ea000 rw-p 00000000 00:00 0 
7f25eb2ea000-7f25eb2ed000 ---p 00000000 00:00 0 
7f25eb2ed000-7f25eb3f0000 rw-p 00000000 00:00 0 
7f25eb3f6000-7f25eb3fd000 r--s 00000000 08:06 5248416                    /usr/lib/x86_64-linux-gnu/gconv/gconv-modules.cache
7f25eb3fd000-7f25eb405000 rw-s 00000000 08:06 2504090                    /tmp/hsperfdata_senycorp/9207
7f25eb405000-7f25eb406000 rw-p 00000000 00:00 0 
7f25eb406000-7f25eb407000 r--p 00000000 00:00 0 
7f25eb407000-7f25eb409000 rw-p 00000000 00:00 0 
7f25eb409000-7f25eb40a000 r--p 00022000 08:06 3801221                    /lib/x86_64-linux-gnu/ld-2.15.so
7f25eb40a000-7f25eb40c000 rw-p 00023000 08:06 3801221                    /lib/x86_64-linux-gnu/ld-2.15.so
7fff8f1b2000-7fff8f1d3000 rw-p 00000000 00:00 0                          [stack]
7fff8f1e7000-7fff8f1e8000 r-xp 00000000 00:00 0                          [vdso]
ffffffffff600000-ffffffffff601000 r-xp 00000000 00:00 0                  [vsyscall]

VM Arguments:
jvm_args: -Dfile.encoding=UTF-8 
java_command: snake.Snake
Launcher Type: SUN_STANDARD

Environment Variables:
PATH=/usr/lib/lightdm/lightdm:/usr/local/sbin:/usr/local/bin:/usr/sbin:/usr/bin:/sbin:/bin:/usr/games
LD_LIBRARY_PATH=/usr/lib/jvm/java-7-openjdk-amd64/jre/lib/amd64:/usr/lib/jvm/java-7-openjdk-amd64/jre/lib/i386:
SHELL=/bin/bash
DISPLAY=:0

Signal Handlers:
SIGSEGV: [libjvm.so+0x926aa0], sa_mask[0]=0x7ffbfeff, sa_flags=0x10000004
SIGBUS: [libjvm.so+0x926aa0], sa_mask[0]=0x7ffbfeff, sa_flags=0x10000004
SIGFPE: [libjvm.so+0x7a59e0], sa_mask[0]=0x7ffbfeff, sa_flags=0x10000004
SIGPIPE: [libjvm.so+0x7a59e0], sa_mask[0]=0x7ffbfeff, sa_flags=0x10000004
SIGXFSZ: [libjvm.so+0x7a59e0], sa_mask[0]=0x7ffbfeff, sa_flags=0x10000004
SIGILL: [libjvm.so+0x7a59e0], sa_mask[0]=0x7ffbfeff, sa_flags=0x10000004
SIGUSR1: SIG_DFL, sa_mask[0]=0x00000000, sa_flags=0x00000000
SIGUSR2: [libjvm.so+0x7a5c00], sa_mask[0]=0x00000004, sa_flags=0x10000004
SIGHUP: [libjvm.so+0x7a5d70], sa_mask[0]=0x7ffbfeff, sa_flags=0x10000004
SIGINT: SIG_IGN, sa_mask[0]=0x00000000, sa_flags=0x00000000
SIGTERM: [libjvm.so+0x7a5d70], sa_mask[0]=0x7ffbfeff, sa_flags=0x10000004
SIGQUIT: [libjvm.so+0x7a5d70], sa_mask[0]=0x7ffbfeff, sa_flags=0x10000004
SIGTRAP: SIG_DFL, sa_mask[0]=0x00000000, sa_flags=0x00000000


---------------  S Y S T E M  ---------------

OS:"elementary OS" 0.2.1 (luna)
uname:Linux 3.2.0-77-generic #112-Ubuntu SMP Tue Feb 10 15:22:22 UTC 2015 x86_64
libc:glibc 2.15 NPTL 2.15 
rlimit: STACK 8192k, CORE 0k, NPROC 62590, NOFILE 4096, AS infinity
load average:0,39 0,35 0,31

/proc/meminfo:
MemTotal:        8035108 kB
MemFree:          669120 kB
Buffers:          256428 kB
Cached:          1956364 kB
SwapCached:         4404 kB
Active:          4977008 kB
Inactive:        1779348 kB
Active(anon):    3802552 kB
Inactive(anon):   807192 kB
Active(file):    1174456 kB
Inactive(file):   972156 kB
Unevictable:        2768 kB
Mlocked:            2768 kB
SwapTotal:       4881404 kB
SwapFree:        4875884 kB
Dirty:               268 kB
Writeback:             0 kB
AnonPages:       4537956 kB
Mapped:           283052 kB
Shmem:             70576 kB
Slab:             189724 kB
SReclaimable:     148716 kB
SUnreclaim:        41008 kB
KernelStack:        6576 kB
PageTables:        65228 kB
NFS_Unstable:          0 kB
Bounce:                0 kB
WritebackTmp:          0 kB
CommitLimit:     8898956 kB
Committed_AS:   11065484 kB
VmallocTotal:   34359738367 kB
VmallocUsed:      340756 kB
VmallocChunk:   34359339084 kB
HardwareCorrupted:     0 kB
AnonHugePages:         0 kB
HugePages_Total:       0
HugePages_Free:        0
HugePages_Rsvd:        0
HugePages_Surp:        0
Hugepagesize:       2048 kB
DirectMap4k:      378880 kB
DirectMap2M:     7870464 kB


CPU:total 4 (2 cores per cpu, 2 threads per core) family 6 model 37 stepping 5, cmov, cx8, fxsr, mmx, sse, sse2, sse3, ssse3, sse4.1, sse4.2, popcnt, aes, ht, tsc, tscinvbit

/proc/cpuinfo:
processor	: 0
vendor_id	: GenuineIntel
cpu family	: 6
model		: 37
model name	: Intel(R) Core(TM) i7 CPU       M 620  @ 2.67GHz
stepping	: 5
microcode	: 0x2
cpu MHz		: 2666.000
cache size	: 4096 KB
physical id	: 0
siblings	: 4
core id		: 0
cpu cores	: 2
apicid		: 0
initial apicid	: 0
fpu		: yes
fpu_exception	: yes
cpuid level	: 11
wp		: yes
flags		: fpu vme de pse tsc msr pae mce cx8 apic sep mtrr pge mca cmov pat pse36 clflush dts acpi mmx fxsr sse sse2 ss ht tm pbe syscall nx rdtscp lm constant_tsc arch_perfmon pebs bts rep_good nopl xtopology nonstop_tsc aperfmperf pni pclmulqdq dtes64 monitor ds_cpl vmx smx est tm2 ssse3 cx16 xtpr pdcm pcid sse4_1 sse4_2 popcnt aes lahf_lm ida arat dtherm tpr_shadow vnmi flexpriority ept vpid
bogomips	: 5319.99
clflush size	: 64
cache_alignment	: 64
address sizes	: 36 bits physical, 48 bits virtual
power management:

processor	: 1
vendor_id	: GenuineIntel
cpu family	: 6
model		: 37
model name	: Intel(R) Core(TM) i7 CPU       M 620  @ 2.67GHz
stepping	: 5
microcode	: 0x2
cpu MHz		: 1199.000
cache size	: 4096 KB
physical id	: 0
siblings	: 4
core id		: 0
cpu cores	: 2
apicid		: 1
initial apicid	: 1
fpu		: yes
fpu_exception	: yes
cpuid level	: 11
wp		: yes
flags		: fpu vme de pse tsc msr pae mce cx8 apic sep mtrr pge mca cmov pat pse36 clflush dts acpi mmx fxsr sse sse2 ss ht tm pbe syscall nx rdtscp lm constant_tsc arch_perfmon pebs bts rep_good nopl xtopology nonstop_tsc aperfmperf pni pclmulqdq dtes64 monitor ds_cpl vmx smx est tm2 ssse3 cx16 xtpr pdcm pcid sse4_1 sse4_2 popcnt aes lahf_lm ida arat dtherm tpr_shadow vnmi flexpriority ept vpid
bogomips	: 5319.91
clflush size	: 64
cache_alignment	: 64
address sizes	: 36 bits physical, 48 bits virtual
power management:

processor	: 2
vendor_id	: GenuineIntel
cpu family	: 6
model		: 37
model name	: Intel(R) Core(TM) i7 CPU       M 620  @ 2.67GHz
stepping	: 5
microcode	: 0x2
cpu MHz		: 1199.000
cache size	: 4096 KB
physical id	: 0
siblings	: 4
core id		: 2
cpu cores	: 2
apicid		: 4
initial apicid	: 4
fpu		: yes
fpu_exception	: yes
cpuid level	: 11
wp		: yes
flags		: fpu vme de pse tsc msr pae mce cx8 apic sep mtrr pge mca cmov pat pse36 clflush dts acpi mmx fxsr sse sse2 ss ht tm pbe syscall nx rdtscp lm constant_tsc arch_perfmon pebs bts rep_good nopl xtopology nonstop_tsc aperfmperf pni pclmulqdq dtes64 monitor ds_cpl vmx smx est tm2 ssse3 cx16 xtpr pdcm pcid sse4_1 sse4_2 popcnt aes lahf_lm ida arat dtherm tpr_shadow vnmi flexpriority ept vpid
bogomips	: 5319.90
clflush size	: 64
cache_alignment	: 64
address sizes	: 36 bits physical, 48 bits virtual
power management:

processor	: 3
vendor_id	: GenuineIntel
cpu family	: 6
model		: 37
model name	: Intel(R) Core(TM) i7 CPU       M 620  @ 2.67GHz
stepping	: 5
microcode	: 0x2
cpu MHz		: 1199.000
cache size	: 4096 KB
physical id	: 0
siblings	: 4
core id		: 2
cpu cores	: 2
apicid		: 5
initial apicid	: 5
fpu		: yes
fpu_exception	: yes
cpuid level	: 11
wp		: yes
flags		: fpu vme de pse tsc msr pae mce cx8 apic sep mtrr pge mca cmov pat pse36 clflush dts acpi mmx fxsr sse sse2 ss ht tm pbe syscall nx rdtscp lm constant_tsc arch_perfmon pebs bts rep_good nopl xtopology nonstop_tsc aperfmperf pni pclmulqdq dtes64 monitor ds_cpl vmx smx est tm2 ssse3 cx16 xtpr pdcm pcid sse4_1 sse4_2 popcnt aes lahf_lm ida arat dtherm tpr_shadow vnmi flexpriority ept vpid
bogomips	: 5319.92
clflush size	: 64
cache_alignment	: 64
address sizes	: 36 bits physical, 48 bits virtual
power management:



Memory: 4k page, physical 8035108k(669120k free), swap 4881404k(4875884k free)

vm_info: OpenJDK 64-Bit Server VM (24.75-b04) for linux-amd64 JRE (1.7.0_75-b13), built on Jan 27 2015 16:25:00 by "buildd" with gcc 4.6.3

time: Thu Apr  9 18:45:09 2015
elapsed time: 40 seconds

